#
# There is insufficient memory for the Java Runtime Environment to continue.
# Native memory allocation (mmap) failed to map 235929600 bytes for G1 virtual space
# Possible reasons:
#   The system is out of physical RAM or swap space
#   The process is running with CompressedOops enabled, and the Java Heap may be blocking the growth of the native heap
# Possible solutions:
#   Reduce memory load on the system
#   Increase physical memory or swap space
#   Check if swap backing store is full
#   Decrease Java heap size (-Xmx/-Xms)
#   Decrease number of Java threads
#   Decrease Java thread stack sizes (-Xss)
#   Set larger code cache with -XX:ReservedCodeCacheSize=
#   JVM is running with Unscaled Compressed Oops mode in which the Java heap is
#     placed in the first 4GB address space. The Java Heap base address is the
#     maximum limit for the native heap growth. Please use -XX:HeapBaseMinAddress
#     to set the Java Heap base and to place the Java Heap above 4GB virtual address.
# This output file may be truncated or incomplete.
#
#  Out of Memory Error (os_windows.cpp:3535), pid=12284, tid=14020
#
# JRE version: OpenJDK Runtime Environment Temurin-17.0.3+7 (17.0.3+7) (build 17.0.3+7)
# Java VM: OpenJDK 64-Bit Server VM Temurin-17.0.3+7 (17.0.3+7, mixed mode, sharing, tiered, compressed oops, compressed class ptrs, g1 gc, windows-amd64)
# No core dump will be written. Minidumps are not enabled by default on client versions of Windows
#

---------------  S U M M A R Y ------------

Command Line: -Dclassworlds.conf=K:\Programmieren\DevTools\apache-maven-3.8.6\bin\m2.conf -Dmaven.home=K:\Programmieren\DevTools\apache-maven-3.8.6 -Dlibrary.jansi.path=K:\Programmieren\DevTools\apache-maven-3.8.6\lib\jansi-native -Dmaven.multiModuleProjectDirectory=K:\Schule\Aufbaujahr\RFS\Projekt\rubiks-cube-rfs\backend org.codehaus.plexus.classworlds.launcher.Launcher quarkus:dev

Host: Intel(R) Core(TM) i5-4590 CPU @ 3.30GHz, 4 cores, 7G,  Windows 10 , 64 bit Build 19041 (10.0.19041.292)
Time: Sun Oct 30 11:36:32 2022 Mitteleuropäische Zeit elapsed time: 10.067863 seconds (0d 0h 0m 10s)

---------------  T H R E A D  ---------------

Current thread (0x0000023b435ef010):  VMThread "VM Thread" [stack: 0x000000b389700000,0x000000b389800000] [id=14020]

Stack: [0x000000b389700000,0x000000b389800000]
Native frames: (J=compiled Java code, j=interpreted, Vv=VM code, C=native code)
V  [jvm.dll+0x675efa]
V  [jvm.dll+0x830a24]
V  [jvm.dll+0x8321ce]
V  [jvm.dll+0x832833]
V  [jvm.dll+0x2454b5]
V  [jvm.dll+0x672de9]
V  [jvm.dll+0x667732]
V  [jvm.dll+0x3043ab]
V  [jvm.dll+0x30b8f6]
V  [jvm.dll+0x35b62e]
V  [jvm.dll+0x35b85f]
V  [jvm.dll+0x2db248]
V  [jvm.dll+0x2d94fc]
V  [jvm.dll+0x2d8acc]
V  [jvm.dll+0x31ca2b]
V  [jvm.dll+0x836cdb]
V  [jvm.dll+0x837a14]
V  [jvm.dll+0x837f2c]
V  [jvm.dll+0x838304]
V  [jvm.dll+0x8383d0]
V  [jvm.dll+0x7e0cfa]
V  [jvm.dll+0x674d85]
C  [ucrtbase.dll+0x214c2]
C  [KERNEL32.DLL+0x16fd4]
C  [ntdll.dll+0x4cec1]

VM_Operation (0x000000b3891fc280): G1CollectForAllocation, mode: safepoint, requested by thread 0x0000023b23bc32e0


---------------  P R O C E S S  ---------------

Threads class SMR info:
_java_thread_list=0x0000023b440b1c60, length=12, elements={
0x0000023b23bc32e0, 0x0000023b435f6090, 0x0000023b435f6f00, 0x0000023b4360dff0,
0x0000023b4360f9b0, 0x0000023b43610b00, 0x0000023b436124c0, 0x0000023b4361d860,
0x0000023b43624890, 0x0000023b436270b0, 0x0000023b440aeb40, 0x0000023b440b2470
}

Java Threads: ( => current thread )
  0x0000023b23bc32e0 JavaThread "main" [_thread_blocked, id=10360, stack(0x000000b389100000,0x000000b389200000)]
  0x0000023b435f6090 JavaThread "Reference Handler" daemon [_thread_blocked, id=9052, stack(0x000000b389800000,0x000000b389900000)]
  0x0000023b435f6f00 JavaThread "Finalizer" daemon [_thread_blocked, id=200, stack(0x000000b389900000,0x000000b389a00000)]
  0x0000023b4360dff0 JavaThread "Signal Dispatcher" daemon [_thread_blocked, id=11876, stack(0x000000b389a00000,0x000000b389b00000)]
  0x0000023b4360f9b0 JavaThread "Attach Listener" daemon [_thread_blocked, id=15704, stack(0x000000b389b00000,0x000000b389c00000)]
  0x0000023b43610b00 JavaThread "Service Thread" daemon [_thread_blocked, id=17300, stack(0x000000b389c00000,0x000000b389d00000)]
  0x0000023b436124c0 JavaThread "Monitor Deflation Thread" daemon [_thread_blocked, id=4984, stack(0x000000b389d00000,0x000000b389e00000)]
  0x0000023b4361d860 JavaThread "C2 CompilerThread0" daemon [_thread_blocked, id=11636, stack(0x000000b389e00000,0x000000b389f00000)]
  0x0000023b43624890 JavaThread "C1 CompilerThread0" daemon [_thread_blocked, id=3328, stack(0x000000b389f00000,0x000000b38a000000)]
  0x0000023b436270b0 JavaThread "Sweeper thread" daemon [_thread_blocked, id=11424, stack(0x000000b38a000000,0x000000b38a100000)]
  0x0000023b440aeb40 JavaThread "Notification Thread" daemon [_thread_blocked, id=20192, stack(0x000000b38a100000,0x000000b38a200000)]
  0x0000023b440b2470 JavaThread "Common-Cleaner" daemon [_thread_blocked, id=9808, stack(0x000000b38a300000,0x000000b38a400000)]

Other Threads:
=>0x0000023b435ef010 VMThread "VM Thread" [stack: 0x000000b389700000,0x000000b389800000] [id=14020]
  0x0000023b440b1020 WatcherThread [stack: 0x000000b38a200000,0x000000b38a300000] [id=4128]
  0x0000023b23c1dff0 GCTaskThread "GC Thread#0" [stack: 0x000000b389200000,0x000000b389300000] [id=10036]
  0x0000023b44835e50 GCTaskThread "GC Thread#1" [stack: 0x000000b38a400000,0x000000b38a500000] [id=11688]
  0x0000023b4415ff80 GCTaskThread "GC Thread#2" [stack: 0x000000b38a500000,0x000000b38a600000] [id=11616]
  0x0000023b44852390 GCTaskThread "GC Thread#3" [stack: 0x000000b38a600000,0x000000b38a700000] [id=12216]
  0x0000023b23c2f450 ConcurrentGCThread "G1 Main Marker" [stack: 0x000000b389300000,0x000000b389400000] [id=15520]
  0x0000023b23c2fe60 ConcurrentGCThread "G1 Conc#0" [stack: 0x000000b389400000,0x000000b389500000] [id=8276]
  0x0000023b23c962f0 ConcurrentGCThread "G1 Refine#0" [stack: 0x000000b389500000,0x000000b389600000] [id=9972]
  0x0000023b47694560 ConcurrentGCThread "G1 Refine#1" [stack: 0x000000b38a700000,0x000000b38a800000] [id=19944]
  0x0000023b447cd300 ConcurrentGCThread "G1 Refine#2" [stack: 0x000000b38a800000,0x000000b38a900000] [id=11768]
  0x0000023b434b0090 ConcurrentGCThread "G1 Service" [stack: 0x000000b389600000,0x000000b389700000] [id=4352]

Threads with active compile tasks:
C2 CompilerThread0    10126 7753   !   4       com.sun.tools.javac.code.Symbol$ClassSymbol::complete (52 bytes)

VM state: at safepoint (normal execution)

VM Mutex/Monitor currently owned by a thread:  ([mutex/lock_event])
[0x0000023b23bc0a00] Threads_lock - owner thread: 0x0000023b435ef010
[0x0000023b23bc0970] Heap_lock - owner thread: 0x0000023b23bc32e0

Heap address: 0x0000000081400000, size: 2028 MB, Compressed Oops mode: 32-bit

CDS archive(s) mapped at: [0x0000000800000000-0x0000000800bc0000-0x0000000800bc0000), size 12320768, SharedBaseAddress: 0x0000000800000000, ArchiveRelocationMode: 0.
Compressed class space mapped at: 0x0000000800c00000-0x0000000840c00000, reserved size: 1073741824
Narrow klass base: 0x0000000800000000, Narrow klass shift: 0, Narrow klass range: 0x100000000

GC Precious Log:
 CPUs: 4 total, 4 available
 Memory: 8110M
 Large Page Support: Disabled
 NUMA Support: Disabled
 Compressed Oops: Enabled (32-bit)
 Heap Region Size: 1M
 Heap Min Capacity: 8M
 Heap Initial Capacity: 128M
 Heap Max Capacity: 2028M
 Pre-touch: Disabled
 Parallel Workers: 4
 Concurrent Workers: 1
 Concurrent Refinement Workers: 4
 Periodic GC: Disabled

Heap:
 garbage-first heap   total 157696K, used 98916K [0x0000000081400000, 0x0000000100000000)
  region size 1024K, 4 young (4096K), 4 survivors (4096K)
 Metaspace       used 29617K, committed 29952K, reserved 1081344K
  class space    used 3223K, committed 3392K, reserved 1048576K

Heap Regions: E=young(eden), S=young(survivor), O=old, HS=humongous(starts), HC=humongous(continues), CS=collection set, F=free, OA=open archive, CA=closed archive, TAMS=top-at-mark-start (previous, next)
|   0|0x0000000081400000, 0x0000000081500000, 0x0000000081500000|100%| O|  |TAMS 0x0000000081500000, 0x0000000081500000| Untracked 
|   1|0x0000000081500000, 0x0000000081600000, 0x0000000081600000|100%| O|  |TAMS 0x0000000081600000, 0x0000000081600000| Untracked 
|   2|0x0000000081600000, 0x0000000081700000, 0x0000000081700000|100%| O|  |TAMS 0x0000000081700000, 0x0000000081700000| Untracked 
|   3|0x0000000081700000, 0x0000000081800000, 0x0000000081800000|100%| O|  |TAMS 0x0000000081800000, 0x0000000081800000| Untracked 
|   4|0x0000000081800000, 0x0000000081900000, 0x0000000081900000|100%| O|  |TAMS 0x0000000081900000, 0x0000000081900000| Untracked 
|   5|0x0000000081900000, 0x0000000081a00000, 0x0000000081a00000|100%| O|  |TAMS 0x0000000081a00000, 0x0000000081a00000| Untracked 
|   6|0x0000000081a00000, 0x0000000081b00000, 0x0000000081b00000|100%| O|  |TAMS 0x0000000081b00000, 0x0000000081b00000| Untracked 
|   7|0x0000000081b00000, 0x0000000081c00000, 0x0000000081c00000|100%| O|  |TAMS 0x0000000081c00000, 0x0000000081c00000| Untracked 
|   8|0x0000000081c00000, 0x0000000081d00000, 0x0000000081d00000|100%| O|  |TAMS 0x0000000081d00000, 0x0000000081d00000| Untracked 
|   9|0x0000000081d00000, 0x0000000081e00000, 0x0000000081e00000|100%| O|  |TAMS 0x0000000081e00000, 0x0000000081e00000| Untracked 
|  10|0x0000000081e00000, 0x0000000081f00000, 0x0000000081f00000|100%| O|  |TAMS 0x0000000081f00000, 0x0000000081f00000| Untracked 
|  11|0x0000000081f00000, 0x0000000082000000, 0x0000000082000000|100%| O|  |TAMS 0x0000000082000000, 0x0000000082000000| Untracked 
|  12|0x0000000082000000, 0x0000000082100000, 0x0000000082100000|100%| O|  |TAMS 0x0000000082100000, 0x0000000082100000| Untracked 
|  13|0x0000000082100000, 0x0000000082200000, 0x0000000082200000|100%| O|  |TAMS 0x0000000082200000, 0x0000000082200000| Untracked 
|  14|0x0000000082200000, 0x0000000082300000, 0x0000000082300000|100%| O|  |TAMS 0x0000000082300000, 0x0000000082300000| Untracked 
|  15|0x0000000082300000, 0x0000000082400000, 0x0000000082400000|100%| O|  |TAMS 0x0000000082400000, 0x0000000082400000| Untracked 
|  16|0x0000000082400000, 0x0000000082500000, 0x0000000082500000|100%| O|  |TAMS 0x0000000082500000, 0x0000000082500000| Untracked 
|  17|0x0000000082500000, 0x0000000082600000, 0x0000000082600000|100%| O|  |TAMS 0x0000000082600000, 0x0000000082600000| Untracked 
|  18|0x0000000082600000, 0x0000000082700000, 0x0000000082700000|100%| O|  |TAMS 0x0000000082700000, 0x0000000082700000| Untracked 
|  19|0x0000000082700000, 0x0000000082800000, 0x0000000082800000|100%| O|  |TAMS 0x0000000082800000, 0x0000000082800000| Untracked 
|  20|0x0000000082800000, 0x0000000082900000, 0x0000000082900000|100%| O|  |TAMS 0x0000000082900000, 0x0000000082900000| Untracked 
|  21|0x0000000082900000, 0x0000000082a00000, 0x0000000082a00000|100%| O|  |TAMS 0x0000000082a00000, 0x0000000082a00000| Untracked 
|  22|0x0000000082a00000, 0x0000000082b00000, 0x0000000082b00000|100%| O|  |TAMS 0x0000000082b00000, 0x0000000082b00000| Untracked 
|  23|0x0000000082b00000, 0x0000000082c00000, 0x0000000082c00000|100%| O|  |TAMS 0x0000000082c00000, 0x0000000082c00000| Untracked 
|  24|0x0000000082c00000, 0x0000000082d00000, 0x0000000082d00000|100%| O|  |TAMS 0x0000000082d00000, 0x0000000082d00000| Untracked 
|  25|0x0000000082d00000, 0x0000000082e00000, 0x0000000082e00000|100%| O|  |TAMS 0x0000000082e00000, 0x0000000082e00000| Untracked 
|  26|0x0000000082e00000, 0x0000000082f00000, 0x0000000082f00000|100%| O|  |TAMS 0x0000000082f00000, 0x0000000082f00000| Untracked 
|  27|0x0000000082f00000, 0x0000000083000000, 0x0000000083000000|100%| O|  |TAMS 0x0000000083000000, 0x0000000083000000| Untracked 
|  28|0x0000000083000000, 0x0000000083100000, 0x0000000083100000|100%| O|  |TAMS 0x0000000083100000, 0x0000000083100000| Untracked 
|  29|0x0000000083100000, 0x0000000083200000, 0x0000000083200000|100%| O|  |TAMS 0x0000000083200000, 0x0000000083200000| Untracked 
|  30|0x0000000083200000, 0x0000000083300000, 0x0000000083300000|100%| O|  |TAMS 0x0000000083300000, 0x0000000083300000| Untracked 
|  31|0x0000000083300000, 0x0000000083400000, 0x0000000083400000|100%| O|  |TAMS 0x0000000083400000, 0x0000000083400000| Untracked 
|  32|0x0000000083400000, 0x0000000083500000, 0x0000000083500000|100%| O|  |TAMS 0x0000000083500000, 0x0000000083500000| Untracked 
|  33|0x0000000083500000, 0x0000000083600000, 0x0000000083600000|100%| O|  |TAMS 0x0000000083600000, 0x0000000083600000| Untracked 
|  34|0x0000000083600000, 0x0000000083700000, 0x0000000083700000|100%| O|  |TAMS 0x0000000083700000, 0x0000000083700000| Untracked 
|  35|0x0000000083700000, 0x0000000083800000, 0x0000000083800000|100%| O|  |TAMS 0x0000000083800000, 0x0000000083800000| Untracked 
|  36|0x0000000083800000, 0x0000000083900000, 0x0000000083900000|100%| O|  |TAMS 0x0000000083900000, 0x0000000083900000| Untracked 
|  37|0x0000000083900000, 0x0000000083a00000, 0x0000000083a00000|100%|HS|  |TAMS 0x0000000083900000, 0x0000000083a00000| Complete 
|  38|0x0000000083a00000, 0x0000000083b00000, 0x0000000083b00000|100%|HC|  |TAMS 0x0000000083a00000, 0x0000000083b00000| Complete 
|  39|0x0000000083b00000, 0x0000000083c00000, 0x0000000083c00000|100%|HS|  |TAMS 0x0000000083b00000, 0x0000000083c00000| Complete 
|  40|0x0000000083c00000, 0x0000000083d00000, 0x0000000083d00000|100%|HC|  |TAMS 0x0000000083c00000, 0x0000000083d00000| Complete 
|  41|0x0000000083d00000, 0x0000000083e00000, 0x0000000083e00000|100%| O|  |TAMS 0x0000000083e00000, 0x0000000083e00000| Untracked 
|  42|0x0000000083e00000, 0x0000000083f00000, 0x0000000083f00000|100%| O|  |TAMS 0x0000000083f00000, 0x0000000083f00000| Untracked 
|  43|0x0000000083f00000, 0x0000000084000000, 0x0000000084000000|100%| O|  |TAMS 0x0000000084000000, 0x0000000084000000| Untracked 
|  44|0x0000000084000000, 0x0000000084100000, 0x0000000084100000|100%| O|  |TAMS 0x0000000084100000, 0x0000000084100000| Untracked 
|  45|0x0000000084100000, 0x0000000084200000, 0x0000000084200000|100%| O|  |TAMS 0x0000000084200000, 0x0000000084200000| Untracked 
|  46|0x0000000084200000, 0x0000000084200000, 0x0000000084300000|  0%| F|  |TAMS 0x0000000084200000, 0x0000000084200000| Untracked 
|  47|0x0000000084300000, 0x0000000084400000, 0x0000000084400000|100%| O|  |TAMS 0x0000000084300000, 0x0000000084400000| Untracked 
|  48|0x0000000084400000, 0x0000000084500000, 0x0000000084500000|100%| O|  |TAMS 0x0000000084500000, 0x0000000084500000| Untracked 
|  49|0x0000000084500000, 0x0000000084600000, 0x0000000084600000|100%| O|  |TAMS 0x0000000084600000, 0x0000000084600000| Untracked 
|  50|0x0000000084600000, 0x0000000084700000, 0x0000000084700000|100%| O|  |TAMS 0x0000000084700000, 0x0000000084700000| Untracked 
|  51|0x0000000084700000, 0x0000000084800000, 0x0000000084800000|100%| O|  |TAMS 0x0000000084800000, 0x0000000084800000| Untracked 
|  52|0x0000000084800000, 0x0000000084900000, 0x0000000084900000|100%| O|  |TAMS 0x0000000084900000, 0x0000000084900000| Untracked 
|  53|0x0000000084900000, 0x0000000084a00000, 0x0000000084a00000|100%| O|  |TAMS 0x0000000084a00000, 0x0000000084a00000| Untracked 
|  54|0x0000000084a00000, 0x0000000084b00000, 0x0000000084b00000|100%| O|  |TAMS 0x0000000084b00000, 0x0000000084b00000| Untracked 
|  55|0x0000000084b00000, 0x0000000084c00000, 0x0000000084c00000|100%| O|  |TAMS 0x0000000084c00000, 0x0000000084c00000| Untracked 
|  56|0x0000000084c00000, 0x0000000084d00000, 0x0000000084d00000|100%| O|  |TAMS 0x0000000084d00000, 0x0000000084d00000| Untracked 
|  57|0x0000000084d00000, 0x0000000084e00000, 0x0000000084e00000|100%| O|  |TAMS 0x0000000084e00000, 0x0000000084e00000| Untracked 
|  58|0x0000000084e00000, 0x0000000084f00000, 0x0000000084f00000|100%| O|  |TAMS 0x0000000084f00000, 0x0000000084f00000| Untracked 
|  59|0x0000000084f00000, 0x0000000085000000, 0x0000000085000000|100%| O|  |TAMS 0x0000000085000000, 0x0000000085000000| Untracked 
|  60|0x0000000085000000, 0x0000000085100000, 0x0000000085100000|100%| O|  |TAMS 0x0000000085100000, 0x0000000085100000| Untracked 
|  61|0x0000000085100000, 0x0000000085200000, 0x0000000085200000|100%| O|  |TAMS 0x0000000085200000, 0x0000000085200000| Untracked 
|  62|0x0000000085200000, 0x0000000085300000, 0x0000000085300000|100%| O|  |TAMS 0x0000000085300000, 0x0000000085300000| Untracked 
|  63|0x0000000085300000, 0x0000000085400000, 0x0000000085400000|100%| O|  |TAMS 0x0000000085400000, 0x0000000085400000| Untracked 
|  64|0x0000000085400000, 0x0000000085500000, 0x0000000085500000|100%| O|  |TAMS 0x0000000085500000, 0x0000000085500000| Untracked 
|  65|0x0000000085500000, 0x0000000085600000, 0x0000000085600000|100%| O|  |TAMS 0x0000000085600000, 0x0000000085600000| Untracked 
|  66|0x0000000085600000, 0x0000000085700000, 0x0000000085700000|100%| O|  |TAMS 0x0000000085700000, 0x0000000085700000| Untracked 
|  67|0x0000000085700000, 0x0000000085800000, 0x0000000085800000|100%| O|  |TAMS 0x0000000085780000, 0x0000000085800000| Untracked 
|  68|0x0000000085800000, 0x0000000085900000, 0x0000000085900000|100%|HS|  |TAMS 0x0000000085800000, 0x0000000085900000| Complete 
|  69|0x0000000085900000, 0x0000000085a00000, 0x0000000085a00000|100%|HC|  |TAMS 0x0000000085900000, 0x0000000085a00000| Complete 
|  70|0x0000000085a00000, 0x0000000085b00000, 0x0000000085b00000|100%| O|  |TAMS 0x0000000085a00000, 0x0000000085b00000| Untracked 
|  71|0x0000000085b00000, 0x0000000085c00000, 0x0000000085c00000|100%| O|  |TAMS 0x0000000085b00000, 0x0000000085c00000| Untracked 
|  72|0x0000000085c00000, 0x0000000085d00000, 0x0000000085d00000|100%| O|  |TAMS 0x0000000085c00000, 0x0000000085d00000| Untracked 
|  73|0x0000000085d00000, 0x0000000085e00000, 0x0000000085e00000|100%| O|  |TAMS 0x0000000085d00000, 0x0000000085e00000| Untracked 
|  74|0x0000000085e00000, 0x0000000085f00000, 0x0000000085f00000|100%| O|  |TAMS 0x0000000085e00000, 0x0000000085f00000| Untracked 
|  75|0x0000000085f00000, 0x0000000086000000, 0x0000000086000000|100%| O|  |TAMS 0x0000000085f00000, 0x0000000086000000| Untracked 
|  76|0x0000000086000000, 0x0000000086100000, 0x0000000086100000|100%| O|  |TAMS 0x0000000086000000, 0x0000000086100000| Untracked 
|  77|0x0000000086100000, 0x0000000086200000, 0x0000000086200000|100%| O|  |TAMS 0x0000000086100000, 0x0000000086200000| Untracked 
|  78|0x0000000086200000, 0x0000000086300000, 0x0000000086300000|100%|HS|  |TAMS 0x0000000086200000, 0x0000000086300000| Complete 
|  79|0x0000000086300000, 0x0000000086400000, 0x0000000086400000|100%|HC|  |TAMS 0x0000000086300000, 0x0000000086400000| Complete 
|  80|0x0000000086400000, 0x0000000086500000, 0x0000000086500000|100%| O|  |TAMS 0x0000000086400000, 0x0000000086500000| Untracked 
|  81|0x0000000086500000, 0x0000000086600000, 0x0000000086600000|100%| O|  |TAMS 0x0000000086500000, 0x0000000086600000| Untracked 
|  82|0x0000000086600000, 0x0000000086700000, 0x0000000086700000|100%| O|  |TAMS 0x0000000086600000, 0x0000000086700000| Untracked 
|  83|0x0000000086700000, 0x0000000086800000, 0x0000000086800000|100%| O|  |TAMS 0x0000000086700000, 0x0000000086800000| Untracked 
|  84|0x0000000086800000, 0x0000000086900000, 0x0000000086900000|100%| O|  |TAMS 0x0000000086800000, 0x0000000086900000| Untracked 
|  85|0x0000000086900000, 0x0000000086a00000, 0x0000000086a00000|100%| O|  |TAMS 0x0000000086900000, 0x0000000086a00000| Untracked 
|  86|0x0000000086a00000, 0x0000000086b00000, 0x0000000086b00000|100%| O|  |TAMS 0x0000000086a00000, 0x0000000086b00000| Untracked 
|  87|0x0000000086b00000, 0x0000000086c00000, 0x0000000086c00000|100%| O|  |TAMS 0x0000000086b00000, 0x0000000086c00000| Untracked 
|  88|0x0000000086c00000, 0x0000000086d00000, 0x0000000086d00000|100%| O|  |TAMS 0x0000000086c00000, 0x0000000086d00000| Untracked 
|  89|0x0000000086d00000, 0x0000000086e00000, 0x0000000086e00000|100%| O|  |TAMS 0x0000000086d00000, 0x0000000086e00000| Untracked 
|  90|0x0000000086e00000, 0x0000000086f00000, 0x0000000086f00000|100%| O|  |TAMS 0x0000000086e00000, 0x0000000086f00000| Untracked 
|  91|0x0000000086f00000, 0x0000000087000000, 0x0000000087000000|100%| O|  |TAMS 0x0000000086f00000, 0x0000000087000000| Untracked 
|  92|0x0000000087000000, 0x0000000087100000, 0x0000000087100000|100%| O|  |TAMS 0x0000000087000000, 0x0000000087100000| Untracked 
|  93|0x0000000087100000, 0x0000000087200000, 0x0000000087200000|100%| O|  |TAMS 0x0000000087100000, 0x0000000087200000| Untracked 
|  94|0x0000000087200000, 0x0000000087200000, 0x0000000087300000|  0%| F|  |TAMS 0x0000000087200000, 0x0000000087200000| Untracked 
|  95|0x0000000087300000, 0x0000000087300000, 0x0000000087400000|  0%| F|  |TAMS 0x0000000087300000, 0x0000000087300000| Untracked 
|  96|0x0000000087400000, 0x0000000087400000, 0x0000000087500000|  0%| F|  |TAMS 0x0000000087400000, 0x0000000087400000| Untracked 
|  97|0x0000000087500000, 0x0000000087500000, 0x0000000087600000|  0%| F|  |TAMS 0x0000000087500000, 0x0000000087500000| Untracked 
|  98|0x0000000087600000, 0x0000000087600000, 0x0000000087700000|  0%| F|  |TAMS 0x0000000087600000, 0x0000000087600000| Untracked 
|  99|0x0000000087700000, 0x0000000087700000, 0x0000000087800000|  0%| F|  |TAMS 0x0000000087700000, 0x0000000087700000| Untracked 
| 100|0x0000000087800000, 0x0000000087800000, 0x0000000087900000|  0%| F|  |TAMS 0x0000000087800000, 0x0000000087800000| Untracked 
| 101|0x0000000087900000, 0x0000000087900000, 0x0000000087a00000|  0%| F|  |TAMS 0x0000000087900000, 0x0000000087900000| Untracked 
| 102|0x0000000087a00000, 0x0000000087a00000, 0x0000000087b00000|  0%| F|  |TAMS 0x0000000087a00000, 0x0000000087a00000| Untracked 
| 103|0x0000000087b00000, 0x0000000087b00000, 0x0000000087c00000|  0%| F|  |TAMS 0x0000000087b00000, 0x0000000087b00000| Untracked 
| 104|0x0000000087c00000, 0x0000000087c00000, 0x0000000087d00000|  0%| F|  |TAMS 0x0000000087c00000, 0x0000000087c00000| Untracked 
| 105|0x0000000087d00000, 0x0000000087d00000, 0x0000000087e00000|  0%| F|  |TAMS 0x0000000087d00000, 0x0000000087d00000| Untracked 
| 106|0x0000000087e00000, 0x0000000087e00000, 0x0000000087f00000|  0%| F|  |TAMS 0x0000000087e00000, 0x0000000087e00000| Untracked 
| 107|0x0000000087f00000, 0x0000000087f00000, 0x0000000088000000|  0%| F|  |TAMS 0x0000000087f00000, 0x0000000087f00000| Untracked 
| 108|0x0000000088000000, 0x0000000088000000, 0x0000000088100000|  0%| F|  |TAMS 0x0000000088000000, 0x0000000088000000| Untracked 
| 109|0x0000000088100000, 0x0000000088100000, 0x0000000088200000|  0%| F|  |TAMS 0x0000000088100000, 0x0000000088100000| Untracked 
| 110|0x0000000088200000, 0x0000000088200000, 0x0000000088300000|  0%| F|  |TAMS 0x0000000088200000, 0x0000000088200000| Untracked 
| 111|0x0000000088300000, 0x0000000088300000, 0x0000000088400000|  0%| F|  |TAMS 0x0000000088300000, 0x0000000088300000| Untracked 
| 112|0x0000000088400000, 0x0000000088400000, 0x0000000088500000|  0%| F|  |TAMS 0x0000000088400000, 0x0000000088400000| Untracked 
| 113|0x0000000088500000, 0x0000000088500000, 0x0000000088600000|  0%| F|  |TAMS 0x0000000088500000, 0x0000000088500000| Untracked 
| 114|0x0000000088600000, 0x0000000088600000, 0x0000000088700000|  0%| F|  |TAMS 0x0000000088600000, 0x0000000088600000| Untracked 
| 115|0x0000000088700000, 0x0000000088700000, 0x0000000088800000|  0%| F|  |TAMS 0x0000000088700000, 0x0000000088700000| Untracked 
| 116|0x0000000088800000, 0x0000000088800000, 0x0000000088900000|  0%| F|  |TAMS 0x0000000088800000, 0x0000000088800000| Untracked 
| 117|0x0000000088900000, 0x0000000088900000, 0x0000000088a00000|  0%| F|  |TAMS 0x0000000088900000, 0x0000000088900000| Untracked 
| 118|0x0000000088a00000, 0x0000000088a00000, 0x0000000088b00000|  0%| F|  |TAMS 0x0000000088a00000, 0x0000000088a00000| Untracked 
| 119|0x0000000088b00000, 0x0000000088b00000, 0x0000000088c00000|  0%| F|  |TAMS 0x0000000088b00000, 0x0000000088b00000| Untracked 
| 120|0x0000000088c00000, 0x0000000088c00000, 0x0000000088d00000|  0%| F|  |TAMS 0x0000000088c00000, 0x0000000088c00000| Untracked 
| 121|0x0000000088d00000, 0x0000000088d99368, 0x0000000088e00000| 59%| S|CS|TAMS 0x0000000088d00000, 0x0000000088d00000| Complete 
| 122|0x0000000088e00000, 0x0000000088f00000, 0x0000000088f00000|100%| S|CS|TAMS 0x0000000088e00000, 0x0000000088e00000| Complete 
| 123|0x0000000088f00000, 0x0000000089000000, 0x0000000089000000|100%| S|CS|TAMS 0x0000000088f00000, 0x0000000088f00000| Complete 
| 124|0x0000000089000000, 0x0000000089100000, 0x0000000089100000|100%| S|CS|TAMS 0x0000000089000000, 0x0000000089000000| Complete 
| 125|0x0000000089100000, 0x0000000089100000, 0x0000000089200000|  0%| F|  |TAMS 0x0000000089100000, 0x0000000089100000| Untracked 
| 126|0x0000000089200000, 0x0000000089200000, 0x0000000089300000|  0%| F|  |TAMS 0x0000000089200000, 0x0000000089200000| Untracked 
| 127|0x0000000089300000, 0x0000000089300000, 0x0000000089400000|  0%| F|  |TAMS 0x0000000089300000, 0x0000000089300000| Untracked 
| 128|0x0000000089400000, 0x0000000089400000, 0x0000000089500000|  0%| F|  |TAMS 0x0000000089400000, 0x0000000089400000| Untracked 
| 129|0x0000000089500000, 0x0000000089500000, 0x0000000089600000|  0%| F|  |TAMS 0x0000000089500000, 0x0000000089500000| Untracked 
| 130|0x0000000089600000, 0x0000000089600000, 0x0000000089700000|  0%| F|  |TAMS 0x0000000089600000, 0x0000000089600000| Untracked 
| 131|0x0000000089700000, 0x0000000089700000, 0x0000000089800000|  0%| F|  |TAMS 0x0000000089700000, 0x0000000089700000| Untracked 
| 132|0x0000000089800000, 0x0000000089800000, 0x0000000089900000|  0%| F|  |TAMS 0x0000000089800000, 0x0000000089800000| Untracked 
| 133|0x0000000089900000, 0x0000000089900000, 0x0000000089a00000|  0%| F|  |TAMS 0x0000000089900000, 0x0000000089900000| Untracked 
| 134|0x0000000089a00000, 0x0000000089a00000, 0x0000000089b00000|  0%| F|  |TAMS 0x0000000089a00000, 0x0000000089a00000| Untracked 
| 135|0x0000000089b00000, 0x0000000089b00000, 0x0000000089c00000|  0%| F|  |TAMS 0x0000000089b00000, 0x0000000089b00000| Untracked 
| 136|0x0000000089c00000, 0x0000000089c00000, 0x0000000089d00000|  0%| F|  |TAMS 0x0000000089c00000, 0x0000000089c00000| Untracked 
| 137|0x0000000089d00000, 0x0000000089d00000, 0x0000000089e00000|  0%| F|  |TAMS 0x0000000089d00000, 0x0000000089d00000| Untracked 
| 138|0x0000000089e00000, 0x0000000089e00000, 0x0000000089f00000|  0%| F|  |TAMS 0x0000000089e00000, 0x0000000089e00000| Untracked 
| 139|0x0000000089f00000, 0x0000000089f00000, 0x000000008a000000|  0%| F|  |TAMS 0x0000000089f00000, 0x0000000089f00000| Untracked 
| 140|0x000000008a000000, 0x000000008a000000, 0x000000008a100000|  0%| F|  |TAMS 0x000000008a000000, 0x000000008a000000| Untracked 
| 141|0x000000008a100000, 0x000000008a100000, 0x000000008a200000|  0%| F|  |TAMS 0x000000008a100000, 0x000000008a100000| Untracked 
| 142|0x000000008a200000, 0x000000008a200000, 0x000000008a300000|  0%| F|  |TAMS 0x000000008a200000, 0x000000008a200000| Untracked 
| 143|0x000000008a300000, 0x000000008a300000, 0x000000008a400000|  0%| F|  |TAMS 0x000000008a300000, 0x000000008a300000| Untracked 
| 144|0x000000008a400000, 0x000000008a400000, 0x000000008a500000|  0%| F|  |TAMS 0x000000008a400000, 0x000000008a400000| Untracked 
| 145|0x000000008a500000, 0x000000008a500000, 0x000000008a600000|  0%| F|  |TAMS 0x000000008a500000, 0x000000008a500000| Untracked 
| 146|0x000000008a600000, 0x000000008a600000, 0x000000008a700000|  0%| F|  |TAMS 0x000000008a600000, 0x000000008a600000| Untracked 
| 147|0x000000008a700000, 0x000000008a700000, 0x000000008a800000|  0%| F|  |TAMS 0x000000008a700000, 0x000000008a700000| Untracked 
| 148|0x000000008a800000, 0x000000008a800000, 0x000000008a900000|  0%| F|  |TAMS 0x000000008a800000, 0x000000008a800000| Untracked 
| 149|0x000000008a900000, 0x000000008a900000, 0x000000008aa00000|  0%| F|  |TAMS 0x000000008a900000, 0x000000008a900000| Untracked 
| 150|0x000000008aa00000, 0x000000008aa00000, 0x000000008ab00000|  0%| F|  |TAMS 0x000000008aa00000, 0x000000008aa00000| Untracked 
| 151|0x000000008ab00000, 0x000000008ab00000, 0x000000008ac00000|  0%| F|  |TAMS 0x000000008ab00000, 0x000000008ab00000| Untracked 
| 152|0x000000008ac00000, 0x000000008ac00000, 0x000000008ad00000|  0%| F|  |TAMS 0x000000008ac00000, 0x000000008ac00000| Untracked 
| 153|0x000000008ad00000, 0x000000008ad00000, 0x000000008ae00000|  0%| F|  |TAMS 0x000000008ad00000, 0x000000008ad00000| Untracked 

Card table byte_map: [0x0000023b3c8b0000,0x0000023b3ccb0000] _byte_map_base: 0x0000023b3c4a6000

Marking Bits (Prev, Next): (CMBitMap*) 0x0000023b23c1e640, (CMBitMap*) 0x0000023b23c1e600
 Prev Bits: [0x0000023b3f060000, 0x0000023b41010000)
 Next Bits: [0x0000023b3d0b0000, 0x0000023b3f060000)

Polling page: 0x0000023b23ca0000

Metaspace:

Usage:
  Non-class:     25.78 MB used.
      Class:      3.15 MB used.
       Both:     28.92 MB used.

Virtual space:
  Non-class space:       32.00 MB reserved,      25.94 MB ( 81%) committed,  4 nodes.
      Class space:        1.00 GB reserved,       3.31 MB ( <1%) committed,  1 nodes.
             Both:        1.03 GB reserved,      29.25 MB (  3%) committed. 

Chunk freelists:
   Non-Class:  2.08 MB
       Class:  682.00 KB
        Both:  2.74 MB

MaxMetaspaceSize: unlimited
CompressedClassSpaceSize: 1.00 GB
Initial GC threshold: 21.00 MB
Current GC threshold: 35.88 MB
CDS: on
MetaspaceReclaimPolicy: balanced
 - commit_granule_bytes: 65536.
 - commit_granule_words: 8192.
 - virtual_space_node_default_size: 1048576.
 - enlarge_chunks_in_place: 1.
 - new_chunks_are_fully_committed: 0.
 - uncommit_free_chunks: 1.
 - use_allocation_guard: 0.
 - handle_deallocations: 1.


Internal statistics:

num_allocs_failed_limit: 6.
num_arena_births: 242.
num_arena_deaths: 0.
num_vsnodes_births: 5.
num_vsnodes_deaths: 0.
num_space_committed: 468.
num_space_uncommitted: 0.
num_chunks_returned_to_freelist: 6.
num_chunks_taken_from_freelist: 1287.
num_chunk_merges: 0.
num_chunk_splits: 936.
num_chunks_enlarged: 740.
num_purges: 0.
num_inconsistent_stats: 0.

CodeHeap 'non-profiled nmethods': size=120000Kb used=2984Kb max_used=2984Kb free=117015Kb
 bounds [0x0000023b34960000, 0x0000023b34c50000, 0x0000023b3be90000]
CodeHeap 'profiled nmethods': size=120000Kb used=13757Kb max_used=13757Kb free=106242Kb
 bounds [0x0000023b2d430000, 0x0000023b2e1a0000, 0x0000023b34960000]
CodeHeap 'non-nmethods': size=5760Kb used=1207Kb max_used=1248Kb free=4553Kb
 bounds [0x0000023b2ce90000, 0x0000023b2d100000, 0x0000023b2d430000]
 total_blobs=7379 nmethods=6870 adapters=421
 compilation: enabled
              stopped_count=0, restarted_count=0
 full_count=0

Compilation events (20 events):
Event: 10.039 Thread 0x0000023b43624890 7746       3       com.sun.tools.javac.comp.Check$ClashFilter::<init> (15 bytes)
Event: 10.040 Thread 0x0000023b43624890 nmethod 7746 0x0000023b2e186910 code [0x0000023b2e186ac0, 0x0000023b2e186cd8]
Event: 10.040 Thread 0x0000023b43624890 7747       3       com.sun.tools.javac.tree.TreeInfo::isConstructor (40 bytes)
Event: 10.040 Thread 0x0000023b43624890 nmethod 7747 0x0000023b2e186d90 code [0x0000023b2e186f60, 0x0000023b2e187448]
Event: 10.041 Thread 0x0000023b43624890 7748   !   3       com.sun.tools.javac.comp.Attr::visitMethodDef (2246 bytes)
Event: 10.044 Thread 0x0000023b4361d860 nmethod 7745 0x0000023b34c48f90 code [0x0000023b34c49140, 0x0000023b34c495f8]
Event: 10.044 Thread 0x0000023b4361d860 7291       4       com.sun.tools.javac.tree.TreeScanner::visitTypeIdent (1 bytes)
Event: 10.044 Thread 0x0000023b4361d860 nmethod 7291 0x0000023b34c49a10 code [0x0000023b34c49b80, 0x0000023b34c49bf8]
Event: 10.044 Thread 0x0000023b4361d860 7751       4       com.sun.tools.javac.tree.JCTree$JCBlock::getTag (4 bytes)
Event: 10.044 Thread 0x0000023b4361d860 nmethod 7751 0x0000023b34c49d10 code [0x0000023b34c49e80, 0x0000023b34c49ef8]
Event: 10.044 Thread 0x0000023b4361d860 7752       4       com.sun.tools.javac.code.Scope$ScopeImpl$2::hasNext (92 bytes)
Event: 10.045 Thread 0x0000023b4361d860 nmethod 7752 0x0000023b34c4a010 code [0x0000023b34c4a1a0, 0x0000023b34c4a278]
Event: 10.046 Thread 0x0000023b4361d860 7753   !   4       com.sun.tools.javac.code.Symbol$ClassSymbol::complete (52 bytes)
Event: 10.051 Thread 0x0000023b43624890 nmethod 7748 0x0000023b2e187610 code [0x0000023b2e188780, 0x0000023b2e194e28]
Event: 10.052 Thread 0x0000023b43624890 7749       3       com.sun.tools.javac.comp.Check::checkVarargsMethodDecl (273 bytes)
Event: 10.053 Thread 0x0000023b43624890 nmethod 7749 0x0000023b2e19bd10 code [0x0000023b2e19c140, 0x0000023b2e19dff8]
Event: 10.053 Thread 0x0000023b43624890 7750       3       com.sun.tools.javac.code.Symbol$MethodSymbol::isVarArgs (19 bytes)
Event: 10.053 Thread 0x0000023b43624890 nmethod 7750 0x0000023b2e19ec10 code [0x0000023b2e19eda0, 0x0000023b2e19efb8]
Event: 10.053 Thread 0x0000023b43624890 7754       3       com.sun.tools.javac.code.Symbol::isStatic (65 bytes)
Event: 10.053 Thread 0x0000023b43624890 nmethod 7754 0x0000023b2e19f090 code [0x0000023b2e19f260, 0x0000023b2e19f658]

GC Heap History (20 events):
Event: 3.301 GC heap after
{Heap after GC invocations=4 (full 0):
 garbage-first heap   total 131072K, used 17166K [0x0000000081400000, 0x0000000100000000)
  region size 1024K, 8 young (8192K), 8 survivors (8192K)
 Metaspace       used 12858K, committed 13056K, reserved 1064960K
  class space    used 1430K, committed 1536K, reserved 1048576K
}
Event: 4.244 GC heap before
{Heap before GC invocations=4 (full 0):
 garbage-first heap   total 131072K, used 86798K [0x0000000081400000, 0x0000000100000000)
  region size 1024K, 76 young (77824K), 8 survivors (8192K)
 Metaspace       used 14557K, committed 14720K, reserved 1064960K
  class space    used 1596K, committed 1664K, reserved 1048576K
}
Event: 4.258 GC heap after
{Heap after GC invocations=5 (full 0):
 garbage-first heap   total 131072K, used 27507K [0x0000000081400000, 0x0000000100000000)
  region size 1024K, 10 young (10240K), 10 survivors (10240K)
 Metaspace       used 14557K, committed 14720K, reserved 1064960K
  class space    used 1596K, committed 1664K, reserved 1048576K
}
Event: 4.622 GC heap before
{Heap before GC invocations=5 (full 0):
 garbage-first heap   total 131072K, used 93043K [0x0000000081400000, 0x0000000100000000)
  region size 1024K, 74 young (75776K), 10 survivors (10240K)
 Metaspace       used 14701K, committed 14912K, reserved 1064960K
  class space    used 1597K, committed 1728K, reserved 1048576K
}
Event: 4.637 GC heap after
{Heap after GC invocations=6 (full 0):
 garbage-first heap   total 131072K, used 37771K [0x0000000081400000, 0x0000000100000000)
  region size 1024K, 10 young (10240K), 10 survivors (10240K)
 Metaspace       used 14701K, committed 14912K, reserved 1064960K
  class space    used 1597K, committed 1728K, reserved 1048576K
}
Event: 5.259 GC heap before
{Heap before GC invocations=6 (full 0):
 garbage-first heap   total 131072K, used 94091K [0x0000000081400000, 0x0000000100000000)
  region size 1024K, 65 young (66560K), 10 survivors (10240K)
 Metaspace       used 16291K, committed 16576K, reserved 1064960K
  class space    used 1762K, committed 1856K, reserved 1048576K
}
Event: 5.272 GC heap after
{Heap after GC invocations=7 (full 0):
 garbage-first heap   total 157696K, used 44032K [0x0000000081400000, 0x0000000100000000)
  region size 1024K, 7 young (7168K), 7 survivors (7168K)
 Metaspace       used 16291K, committed 16576K, reserved 1064960K
  class space    used 1762K, committed 1856K, reserved 1048576K
}
Event: 6.420 GC heap before
{Heap before GC invocations=7 (full 0):
 garbage-first heap   total 157696K, used 113664K [0x0000000081400000, 0x0000000100000000)
  region size 1024K, 71 young (72704K), 7 survivors (7168K)
 Metaspace       used 18683K, committed 19008K, reserved 1073152K
  class space    used 2015K, committed 2176K, reserved 1048576K
}
Event: 6.431 GC heap after
{Heap after GC invocations=8 (full 0):
 garbage-first heap   total 157696K, used 58368K [0x0000000081400000, 0x0000000100000000)
  region size 1024K, 9 young (9216K), 9 survivors (9216K)
 Metaspace       used 18683K, committed 19008K, reserved 1073152K
  class space    used 2015K, committed 2176K, reserved 1048576K
}
Event: 6.708 GC heap before
{Heap before GC invocations=8 (full 0):
 garbage-first heap   total 157696K, used 114688K [0x0000000081400000, 0x0000000100000000)
  region size 1024K, 64 young (65536K), 9 survivors (9216K)
 Metaspace       used 18966K, committed 19200K, reserved 1073152K
  class space    used 2045K, committed 2176K, reserved 1048576K
}
Event: 6.719 GC heap after
{Heap after GC invocations=9 (full 0):
 garbage-first heap   total 157696K, used 67042K [0x0000000081400000, 0x0000000100000000)
  region size 1024K, 8 young (8192K), 8 survivors (8192K)
 Metaspace       used 18966K, committed 19200K, reserved 1073152K
  class space    used 2045K, committed 2176K, reserved 1048576K
}
Event: 7.263 GC heap before
{Heap before GC invocations=9 (full 0):
 garbage-first heap   total 157696K, used 115170K [0x0000000081400000, 0x0000000100000000)
  region size 1024K, 55 young (56320K), 8 survivors (8192K)
 Metaspace       used 19249K, committed 19520K, reserved 1073152K
  class space    used 2067K, committed 2176K, reserved 1048576K
}
Event: 7.274 GC heap after
{Heap after GC invocations=10 (full 0):
 garbage-first heap   total 157696K, used 76288K [0x0000000081400000, 0x0000000100000000)
  region size 1024K, 7 young (7168K), 7 survivors (7168K)
 Metaspace       used 19249K, committed 19520K, reserved 1073152K
  class space    used 2067K, committed 2176K, reserved 1048576K
}
Event: 7.808 GC heap before
{Heap before GC invocations=10 (full 0):
 garbage-first heap   total 157696K, used 94720K [0x0000000081400000, 0x0000000100000000)
  region size 1024K, 24 young (24576K), 7 survivors (7168K)
 Metaspace       used 21242K, committed 21504K, reserved 1073152K
  class space    used 2305K, committed 2432K, reserved 1048576K
}
Event: 7.815 GC heap after
{Heap after GC invocations=11 (full 0):
 garbage-first heap   total 157696K, used 79324K [0x0000000081400000, 0x0000000100000000)
  region size 1024K, 2 young (2048K), 2 survivors (2048K)
 Metaspace       used 21242K, committed 21504K, reserved 1073152K
  class space    used 2305K, committed 2432K, reserved 1048576K
}
Event: 9.383 GC heap before
{Heap before GC invocations=12 (full 0):
 garbage-first heap   total 157696K, used 125404K [0x0000000081400000, 0x0000000100000000)
  region size 1024K, 44 young (45056K), 2 survivors (2048K)
 Metaspace       used 27310K, committed 27648K, reserved 1073152K
  class space    used 3015K, committed 3200K, reserved 1048576K
}
Event: 9.395 GC heap after
{Heap after GC invocations=13 (full 0):
 garbage-first heap   total 157696K, used 95232K [0x0000000081400000, 0x0000000100000000)
  region size 1024K, 6 young (6144K), 6 survivors (6144K)
 Metaspace       used 27310K, committed 27648K, reserved 1073152K
  class space    used 3015K, committed 3200K, reserved 1048576K
}
Event: 9.397 GC heap before
{Heap before GC invocations=13 (full 0):
 garbage-first heap   total 157696K, used 96256K [0x0000000081400000, 0x0000000100000000)
  region size 1024K, 7 young (7168K), 6 survivors (6144K)
 Metaspace       used 27311K, committed 27648K, reserved 1073152K
  class space    used 3015K, committed 3200K, reserved 1048576K
}
Event: 9.402 GC heap after
{Heap after GC invocations=14 (full 0):
 garbage-first heap   total 157696K, used 96151K [0x0000000081400000, 0x0000000100000000)
  region size 1024K, 1 young (1024K), 1 survivors (1024K)
 Metaspace       used 27311K, committed 27648K, reserved 1073152K
  class space    used 3015K, committed 3200K, reserved 1048576K
}
Event: 10.054 GC heap before
{Heap before GC invocations=14 (full 0):
 garbage-first heap   total 157696K, used 124823K [0x0000000081400000, 0x0000000100000000)
  region size 1024K, 29 young (29696K), 1 survivors (1024K)
 Metaspace       used 29617K, committed 29952K, reserved 1081344K
  class space    used 3223K, committed 3392K, reserved 1048576K
}

Deoptimization events (20 events):
Event: 9.651 Thread 0x0000023b23bc32e0 Uncommon trap: trap_request=0xffffffde fr.pc=0x0000023b34a5c490 relative=0x0000000000000c30
Event: 9.651 Thread 0x0000023b23bc32e0 Uncommon trap: reason=class_check action=maybe_recompile pc=0x0000023b34a5c490 method=java.util.HashMap.removeNode(ILjava/lang/Object;Ljava/lang/Object;ZZ)Ljava/util/HashMap$Node; @ 143 c2
Event: 9.651 Thread 0x0000023b23bc32e0 DEOPT PACKING pc=0x0000023b34a5c490 sp=0x000000b3891f9380
Event: 9.651 Thread 0x0000023b23bc32e0 DEOPT UNPACKING pc=0x0000023b2cee23a3 sp=0x000000b3891f92a8 mode 2
Event: 9.654 Thread 0x0000023b23bc32e0 Uncommon trap: trap_request=0xffffffde fr.pc=0x0000023b34a5c490 relative=0x0000000000000c30
Event: 9.654 Thread 0x0000023b23bc32e0 Uncommon trap: reason=class_check action=maybe_recompile pc=0x0000023b34a5c490 method=java.util.HashMap.removeNode(ILjava/lang/Object;Ljava/lang/Object;ZZ)Ljava/util/HashMap$Node; @ 143 c2
Event: 9.654 Thread 0x0000023b23bc32e0 DEOPT PACKING pc=0x0000023b34a5c490 sp=0x000000b3891f9b80
Event: 9.654 Thread 0x0000023b23bc32e0 DEOPT UNPACKING pc=0x0000023b2cee23a3 sp=0x000000b3891f9aa8 mode 2
Event: 9.657 Thread 0x0000023b23bc32e0 Uncommon trap: trap_request=0xffffffde fr.pc=0x0000023b34a5c490 relative=0x0000000000000c30
Event: 9.657 Thread 0x0000023b23bc32e0 Uncommon trap: reason=class_check action=maybe_recompile pc=0x0000023b34a5c490 method=java.util.HashMap.removeNode(ILjava/lang/Object;Ljava/lang/Object;ZZ)Ljava/util/HashMap$Node; @ 143 c2
Event: 9.657 Thread 0x0000023b23bc32e0 DEOPT PACKING pc=0x0000023b34a5c490 sp=0x000000b3891fa4c0
Event: 9.657 Thread 0x0000023b23bc32e0 DEOPT UNPACKING pc=0x0000023b2cee23a3 sp=0x000000b3891fa3e8 mode 2
Event: 9.831 Thread 0x0000023b23bc32e0 DEOPT PACKING pc=0x0000023b2e0a9bb4 sp=0x000000b3891fca80
Event: 9.831 Thread 0x0000023b23bc32e0 DEOPT UNPACKING pc=0x0000023b2cee2b43 sp=0x000000b3891fc000 mode 1
Event: 9.893 Thread 0x0000023b23bc32e0 Uncommon trap: trap_request=0xffffff45 fr.pc=0x0000023b34a12be0 relative=0x0000000000000320
Event: 9.893 Thread 0x0000023b23bc32e0 Uncommon trap: reason=unstable_if action=reinterpret pc=0x0000023b34a12be0 method=com.sun.tools.javac.util.IntHashTable.lookup(Ljava/lang/Object;)I @ 73 c2
Event: 9.893 Thread 0x0000023b23bc32e0 DEOPT PACKING pc=0x0000023b34a12be0 sp=0x000000b3891fd460
Event: 9.893 Thread 0x0000023b23bc32e0 DEOPT UNPACKING pc=0x0000023b2cee23a3 sp=0x000000b3891fd370 mode 2
Event: 9.895 Thread 0x0000023b23bc32e0 DEOPT PACKING pc=0x0000023b2e0c0099 sp=0x000000b3891fce20
Event: 9.895 Thread 0x0000023b23bc32e0 DEOPT UNPACKING pc=0x0000023b2cee2b43 sp=0x000000b3891fc298 mode 0

Classes unloaded (0 events):
No events

Classes redefined (0 events):
No events

Internal exceptions (20 events):
Event: 9.612 Thread 0x0000023b23bc32e0 Exception <a 'java/lang/NoSuchMethodError'{0x0000000089d18068}: 'int java.lang.invoke.DirectMethodHandle$Holder.invokeStatic(java.lang.Object, java.lang.Object, java.lang.Object, java.lang.Object)'> (0x0000000089d18068) 
thrown [e:\jenkins\tmp\workspace\build\src\src\hotspot\share\interpreter\linkResolver.cpp, line 766]
Event: 9.834 Thread 0x0000023b23bc32e0 Exception <a 'java/lang/NoSuchMethodError'{0x000000008957e060}: 'int java.lang.invoke.DirectMethodHandle$Holder.invokeVirtual(java.lang.Object, java.lang.Object, java.lang.Object, java.lang.Object)'> (0x000000008957e060) 
thrown [e:\jenkins\tmp\workspace\build\src\src\hotspot\share\interpreter\linkResolver.cpp, line 766]
Event: 9.836 Thread 0x0000023b23bc32e0 Exception <a 'java/lang/NoSuchMethodError'{0x0000000089589540}: 'java.lang.Object java.lang.invoke.DirectMethodHandle$Holder.newInvokeSpecial(java.lang.Object, java.lang.Object, int, java.lang.Object)'> (0x0000000089589540) 
thrown [e:\jenkins\tmp\workspace\build\src\src\hotspot\share\interpreter\linkResolver.cpp, line 766]
Event: 9.836 Thread 0x0000023b23bc32e0 Exception <a 'java/lang/NoSuchMethodError'{0x000000008958dbc8}: 'java.lang.Object java.lang.invoke.DirectMethodHandle$Holder.invokeSpecial(java.lang.Object, java.lang.Object, java.lang.Object, int, java.lang.Object)'> (0x000000008958dbc8) 
thrown [e:\jenkins\tmp\workspace\build\src\src\hotspot\share\interpreter\linkResolver.cpp, line 766]
Event: 9.850 Thread 0x0000023b23bc32e0 Exception <a 'sun/nio/fs/WindowsException'{0x00000000895dbc48}> (0x00000000895dbc48) 
thrown [e:\jenkins\tmp\workspace\build\src\src\hotspot\share\prims\jni.cpp, line 516]
Event: 9.850 Thread 0x0000023b23bc32e0 Exception <a 'sun/nio/fs/WindowsException'{0x00000000895dbfb8}> (0x00000000895dbfb8) 
thrown [e:\jenkins\tmp\workspace\build\src\src\hotspot\share\prims\jni.cpp, line 516]
Event: 9.851 Thread 0x0000023b23bc32e0 Exception <a 'sun/nio/fs/WindowsException'{0x00000000895de730}> (0x00000000895de730) 
thrown [e:\jenkins\tmp\workspace\build\src\src\hotspot\share\prims\jni.cpp, line 516]
Event: 9.851 Thread 0x0000023b23bc32e0 Exception <a 'sun/nio/fs/WindowsException'{0x00000000895dea50}> (0x00000000895dea50) 
thrown [e:\jenkins\tmp\workspace\build\src\src\hotspot\share\prims\jni.cpp, line 516]
Event: 9.851 Thread 0x0000023b23bc32e0 Exception <a 'sun/nio/fs/WindowsException'{0x00000000895e1440}> (0x00000000895e1440) 
thrown [e:\jenkins\tmp\workspace\build\src\src\hotspot\share\prims\jni.cpp, line 516]
Event: 9.851 Thread 0x0000023b23bc32e0 Exception <a 'sun/nio/fs/WindowsException'{0x00000000895e17a0}> (0x00000000895e17a0) 
thrown [e:\jenkins\tmp\workspace\build\src\src\hotspot\share\prims\jni.cpp, line 516]
Event: 9.851 Thread 0x0000023b23bc32e0 Exception <a 'sun/nio/fs/WindowsException'{0x00000000895e3200}> (0x00000000895e3200) 
thrown [e:\jenkins\tmp\workspace\build\src\src\hotspot\share\prims\jni.cpp, line 516]
Event: 9.852 Thread 0x0000023b23bc32e0 Exception <a 'sun/nio/fs/WindowsException'{0x00000000895e35f0}> (0x00000000895e35f0) 
thrown [e:\jenkins\tmp\workspace\build\src\src\hotspot\share\prims\jni.cpp, line 516]
Event: 9.853 Thread 0x0000023b23bc32e0 Exception <a 'sun/nio/fs/WindowsException'{0x00000000895fc160}> (0x00000000895fc160) 
thrown [e:\jenkins\tmp\workspace\build\src\src\hotspot\share\prims\jni.cpp, line 516]
Event: 9.853 Thread 0x0000023b23bc32e0 Exception <a 'sun/nio/fs/WindowsException'{0x00000000895fc4c0}> (0x00000000895fc4c0) 
thrown [e:\jenkins\tmp\workspace\build\src\src\hotspot\share\prims\jni.cpp, line 516]
Event: 9.853 Thread 0x0000023b23bc32e0 Exception <a 'sun/nio/fs/WindowsException'{0x0000000089400960}> (0x0000000089400960) 
thrown [e:\jenkins\tmp\workspace\build\src\src\hotspot\share\prims\jni.cpp, line 516]
Event: 9.853 Thread 0x0000023b23bc32e0 Exception <a 'sun/nio/fs/WindowsException'{0x0000000089400c80}> (0x0000000089400c80) 
thrown [e:\jenkins\tmp\workspace\build\src\src\hotspot\share\prims\jni.cpp, line 516]
Event: 9.854 Thread 0x0000023b23bc32e0 Exception <a 'sun/nio/fs/WindowsException'{0x0000000089405d60}> (0x0000000089405d60) 
thrown [e:\jenkins\tmp\workspace\build\src\src\hotspot\share\prims\jni.cpp, line 516]
Event: 9.854 Thread 0x0000023b23bc32e0 Exception <a 'sun/nio/fs/WindowsException'{0x00000000894060c0}> (0x00000000894060c0) 
thrown [e:\jenkins\tmp\workspace\build\src\src\hotspot\share\prims\jni.cpp, line 516]
Event: 9.854 Thread 0x0000023b23bc32e0 Exception <a 'sun/nio/fs/WindowsException'{0x0000000089407b18}> (0x0000000089407b18) 
thrown [e:\jenkins\tmp\workspace\build\src\src\hotspot\share\prims\jni.cpp, line 516]
Event: 9.854 Thread 0x0000023b23bc32e0 Exception <a 'sun/nio/fs/WindowsException'{0x0000000089407f08}> (0x0000000089407f08) 
thrown [e:\jenkins\tmp\workspace\build\src\src\hotspot\share\prims\jni.cpp, line 516]

VM Operations (20 events):
Event: 9.625 Executing VM operation: HandshakeAllThreads done
Event: 9.625 Executing VM operation: HandshakeAllThreads
Event: 9.625 Executing VM operation: HandshakeAllThreads done
Event: 9.648 Executing VM operation: HandshakeAllThreads
Event: 9.648 Executing VM operation: HandshakeAllThreads done
Event: 9.685 Executing VM operation: ICBufferFull
Event: 9.685 Executing VM operation: ICBufferFull done
Event: 9.689 Executing VM operation: HandshakeAllThreads
Event: 9.689 Executing VM operation: HandshakeAllThreads done
Event: 9.784 Executing VM operation: ICBufferFull
Event: 9.784 Executing VM operation: ICBufferFull done
Event: 9.828 Executing VM operation: HandshakeAllThreads
Event: 9.828 Executing VM operation: HandshakeAllThreads done
Event: 9.831 Executing VM operation: HandshakeAllThreads
Event: 9.831 Executing VM operation: HandshakeAllThreads done
Event: 9.893 Executing VM operation: ICBufferFull
Event: 9.893 Executing VM operation: ICBufferFull done
Event: 10.039 Executing VM operation: ICBufferFull
Event: 10.039 Executing VM operation: ICBufferFull done
Event: 10.054 Executing VM operation: G1CollectForAllocation

Events (20 events):
Event: 9.450 loading class java/nio/file/FileTreeWalker$1
Event: 9.450 loading class java/nio/file/FileTreeWalker$1 done
Event: 9.567 loading class java/util/stream/ReduceOps$1
Event: 9.567 loading class java/util/stream/ReduceOps$1 done
Event: 9.567 loading class java/util/stream/ReduceOps$1ReducingSink
Event: 9.568 loading class java/util/stream/ReduceOps$1ReducingSink done
Event: 9.603 loading class java/util/function/ToIntBiFunction
Event: 9.603 loading class java/util/function/ToIntBiFunction done
Event: 9.606 loading class java/nio/channels/Channels$1
Event: 9.606 loading class java/nio/channels/Channels$1 done
Event: 9.841 loading class java/util/EnumMap$EntrySet
Event: 9.842 loading class java/util/EnumMap$EntrySet done
Event: 9.842 loading class java/util/EnumMap$EntryIterator
Event: 9.842 loading class java/util/EnumMap$EnumMapIterator
Event: 9.842 loading class java/util/EnumMap$EnumMapIterator done
Event: 9.842 loading class java/util/EnumMap$EntryIterator done
Event: 9.842 loading class java/util/EnumMap$EntryIterator$Entry
Event: 9.842 loading class java/util/EnumMap$EntryIterator$Entry done
Event: 9.924 loading class java/io/DataOutputStream
Event: 9.925 loading class java/io/DataOutputStream done


Dynamic libraries:
0x00007ff66f6b0000 - 0x00007ff66f6be000 	C:\Users\Martin\.jdks\temurin-17.0.3\bin\java.exe
0x00007ffa5ecf0000 - 0x00007ffa5eee5000 	C:\WINDOWS\SYSTEM32\ntdll.dll
0x00007ffa5ebf0000 - 0x00007ffa5ecad000 	C:\WINDOWS\System32\KERNEL32.DLL
0x00007ffa5c860000 - 0x00007ffa5cb27000 	C:\WINDOWS\System32\KERNELBASE.dll
0x00007ffa5cb30000 - 0x00007ffa5cc30000 	C:\WINDOWS\System32\ucrtbase.dll
0x00007ffa53a30000 - 0x00007ffa53a49000 	C:\Users\Martin\.jdks\temurin-17.0.3\bin\VCRUNTIME140.dll
0x00007ffa37920000 - 0x00007ffa37938000 	C:\Users\Martin\.jdks\temurin-17.0.3\bin\jli.dll
0x00007ffa5e110000 - 0x00007ffa5e2b0000 	C:\WINDOWS\System32\USER32.dll
0x00007ffa4a080000 - 0x00007ffa4a31b000 	C:\WINDOWS\WinSxS\amd64_microsoft.windows.common-controls_6595b64144ccf1df_6.0.19041.488_none_ca04af081b815d21\COMCTL32.dll
0x00007ffa5c510000 - 0x00007ffa5c532000 	C:\WINDOWS\System32\win32u.dll
0x00007ffa5e570000 - 0x00007ffa5e60e000 	C:\WINDOWS\System32\msvcrt.dll
0x00007ffa5cfe0000 - 0x00007ffa5d00a000 	C:\WINDOWS\System32\GDI32.dll
0x00007ffa5c540000 - 0x00007ffa5c649000 	C:\WINDOWS\System32\gdi32full.dll
0x00007ffa5ccb0000 - 0x00007ffa5cd4d000 	C:\WINDOWS\System32\msvcp_win.dll
0x00007ffa5e2b0000 - 0x00007ffa5e2e0000 	C:\WINDOWS\System32\IMM32.DLL
0x00007ffa53a20000 - 0x00007ffa53a2c000 	C:\Users\Martin\.jdks\temurin-17.0.3\bin\vcruntime140_1.dll
0x00007ffa255f0000 - 0x00007ffa25681000 	C:\Users\Martin\.jdks\temurin-17.0.3\bin\msvcp140.dll
0x00007ff9ff450000 - 0x00007ffa00098000 	C:\Users\Martin\.jdks\temurin-17.0.3\bin\server\jvm.dll
0x00007ffa5e3d0000 - 0x00007ffa5e47a000 	C:\WINDOWS\System32\ADVAPI32.dll
0x00007ffa5d550000 - 0x00007ffa5d5eb000 	C:\WINDOWS\System32\sechost.dll
0x00007ffa5e610000 - 0x00007ffa5e734000 	C:\WINDOWS\System32\RPCRT4.dll
0x00007ffa5ebe0000 - 0x00007ffa5ebe8000 	C:\WINDOWS\System32\PSAPI.DLL
0x00007ffa47980000 - 0x00007ffa47989000 	C:\WINDOWS\SYSTEM32\WSOCK32.dll
0x00007ffa547f0000 - 0x00007ffa54817000 	C:\WINDOWS\SYSTEM32\WINMM.dll
0x00007ffa557b0000 - 0x00007ffa557ba000 	C:\WINDOWS\SYSTEM32\VERSION.dll
0x00007ffa5e990000 - 0x00007ffa5e9fb000 	C:\WINDOWS\System32\WS2_32.dll
0x00007ffa5a370000 - 0x00007ffa5a383000 	C:\WINDOWS\SYSTEM32\kernel.appcore.dll
0x00007ffa3ad00000 - 0x00007ffa3ad0a000 	C:\Users\Martin\.jdks\temurin-17.0.3\bin\jimage.dll
0x00007ffa50a30000 - 0x00007ffa50c14000 	C:\WINDOWS\SYSTEM32\DBGHELP.DLL
0x00007ffa4c3f0000 - 0x00007ffa4c41c000 	C:\WINDOWS\SYSTEM32\dbgcore.DLL
0x00007ffa5c490000 - 0x00007ffa5c50f000 	C:\WINDOWS\System32\bcryptPrimitives.dll
0x00007ffa33190000 - 0x00007ffa331b5000 	C:\Users\Martin\.jdks\temurin-17.0.3\bin\java.dll
0x00007ffa226e0000 - 0x00007ffa227b6000 	C:\Users\Martin\.jdks\temurin-17.0.3\bin\jsvml.dll
0x00007ffa5d650000 - 0x00007ffa5dd91000 	C:\WINDOWS\System32\SHELL32.dll
0x00007ffa5a570000 - 0x00007ffa5ad03000 	C:\WINDOWS\SYSTEM32\windows.storage.dll
0x00007ffa5ddb0000 - 0x00007ffa5e105000 	C:\WINDOWS\System32\combase.dll
0x00007ffa5bdd0000 - 0x00007ffa5bdfc000 	C:\WINDOWS\SYSTEM32\Wldp.dll
0x00007ffa5eb30000 - 0x00007ffa5ebde000 	C:\WINDOWS\System32\SHCORE.dll
0x00007ffa5d5f0000 - 0x00007ffa5d645000 	C:\WINDOWS\System32\shlwapi.dll
0x00007ffa5c360000 - 0x00007ffa5c386000 	C:\WINDOWS\SYSTEM32\profapi.dll
0x00007ffa35180000 - 0x00007ffa35199000 	C:\Users\Martin\.jdks\temurin-17.0.3\bin\net.dll
0x00007ffa50fd0000 - 0x00007ffa510d0000 	C:\WINDOWS\SYSTEM32\WINHTTP.dll
0x00007ffa5bbc0000 - 0x00007ffa5bc2a000 	C:\WINDOWS\system32\mswsock.dll
0x00007ffa30bb0000 - 0x00007ffa30bc5000 	C:\Users\Martin\.jdks\temurin-17.0.3\bin\nio.dll
0x00007ffa30af0000 - 0x00007ffa30b08000 	C:\Users\Martin\.jdks\temurin-17.0.3\bin\zip.dll
0x0000000069ac0000 - 0x0000000069ae4000 	K:\Programmieren\DevTools\apache-maven-3.8.6\lib\jansi-native\Windows\x86_64\jansi.dll
0x00007ffa379e0000 - 0x00007ffa379f0000 	C:\Users\Martin\.jdks\temurin-17.0.3\bin\verify.dll
0x00007ffa5c100000 - 0x00007ffa5c118000 	C:\WINDOWS\SYSTEM32\CRYPTSP.dll
0x00007ffa5b4a0000 - 0x00007ffa5b4d4000 	C:\WINDOWS\system32\rsaenh.dll
0x00007ffa5cc30000 - 0x00007ffa5cc57000 	C:\WINDOWS\System32\bcrypt.dll
0x00007ffa5c320000 - 0x00007ffa5c34e000 	C:\WINDOWS\SYSTEM32\USERENV.dll
0x00007ffa5bd40000 - 0x00007ffa5bd4c000 	C:\WINDOWS\SYSTEM32\CRYPTBASE.dll
0x00007ffa5b880000 - 0x00007ffa5b8bb000 	C:\WINDOWS\SYSTEM32\IPHLPAPI.DLL
0x00007ffa5e560000 - 0x00007ffa5e569000 	C:\WINDOWS\System32\NSI.dll
0x00007ffa56650000 - 0x00007ffa56667000 	C:\WINDOWS\SYSTEM32\dhcpcsvc6.DLL
0x00007ffa56630000 - 0x00007ffa5664d000 	C:\WINDOWS\SYSTEM32\dhcpcsvc.DLL
0x00007ffa5b8d0000 - 0x00007ffa5b99b000 	C:\WINDOWS\SYSTEM32\DNSAPI.dll

dbghelp: loaded successfully - version: 4.0.5 - missing functions: none
symbol engine: initialized successfully - sym options: 0x614 - pdb path: .;C:\Users\Martin\.jdks\temurin-17.0.3\bin;C:\WINDOWS\SYSTEM32;C:\WINDOWS\WinSxS\amd64_microsoft.windows.common-controls_6595b64144ccf1df_6.0.19041.488_none_ca04af081b815d21;C:\Users\Martin\.jdks\temurin-17.0.3\bin\server;K:\Programmieren\DevTools\apache-maven-3.8.6\lib\jansi-native\Windows\x86_64

VM Arguments:
jvm_args: -Dclassworlds.conf=K:\Programmieren\DevTools\apache-maven-3.8.6\bin\m2.conf -Dmaven.home=K:\Programmieren\DevTools\apache-maven-3.8.6 -Dlibrary.jansi.path=K:\Programmieren\DevTools\apache-maven-3.8.6\lib\jansi-native -Dmaven.multiModuleProjectDirectory=K:\Schule\Aufbaujahr\RFS\Projekt\rubiks-cube-rfs\backend 
java_command: org.codehaus.plexus.classworlds.launcher.Launcher quarkus:dev
java_class_path (initial): K:\Programmieren\DevTools\apache-maven-3.8.6\boot\plexus-classworlds-2.6.0.jar
Launcher Type: SUN_STANDARD

[Global flags]
     intx CICompilerCount                          = 3                                         {product} {ergonomic}
     uint ConcGCThreads                            = 1                                         {product} {ergonomic}
     uint G1ConcRefinementThreads                  = 4                                         {product} {ergonomic}
   size_t G1HeapRegionSize                         = 1048576                                   {product} {ergonomic}
    uintx GCDrainStackTargetSize                   = 64                                        {product} {ergonomic}
   size_t InitialHeapSize                          = 134217728                                 {product} {ergonomic}
   size_t MarkStackSize                            = 4194304                                   {product} {ergonomic}
   size_t MaxHeapSize                              = 2126512128                                {product} {ergonomic}
   size_t MaxNewSize                               = 1275068416                                {product} {ergonomic}
   size_t MinHeapDeltaBytes                        = 1048576                                   {product} {ergonomic}
   size_t MinHeapSize                              = 8388608                                   {product} {ergonomic}
    uintx NonNMethodCodeHeapSize                   = 5832780                                {pd product} {ergonomic}
    uintx NonProfiledCodeHeapSize                  = 122912730                              {pd product} {ergonomic}
    uintx ProfiledCodeHeapSize                     = 122912730                              {pd product} {ergonomic}
    uintx ReservedCodeCacheSize                    = 251658240                              {pd product} {ergonomic}
     bool SegmentedCodeCache                       = true                                      {product} {ergonomic}
   size_t SoftMaxHeapSize                          = 2126512128                             {manageable} {ergonomic}
     bool UseCompressedClassPointers               = true                           {product lp64_product} {ergonomic}
     bool UseCompressedOops                        = true                           {product lp64_product} {ergonomic}
     bool UseG1GC                                  = true                                      {product} {ergonomic}
     bool UseLargePagesIndividualAllocation        = false                                  {pd product} {ergonomic}

Logging:
Log output configuration:
 #0: stdout all=warning uptime,level,tags
 #1: stderr all=off uptime,level,tags

Environment Variables:
JAVA_HOME=C:\Users\Martin\.jdks\temurin-17.0.3
PATH=C:\Python310\Scripts\;C:\Python310\;C:\Windows\system32;C:\Windows;C:\Windows\System32\Wbem;C:\Windows\System32\WindowsPowerShell\v1.0\;C:\Program Files (x86)\Windows Live\Shared;C:\Program Files (x86)\NVIDIA Corporation\PhysX\Common;C:\Program Files\Geth;C:\WINDOWS\system32;C:\WINDOWS;C:\WINDOWS\System32\Wbem;C:\WINDOWS\System32\WindowsPowerShell\v1.0\;C:\WINDOWS\System32\OpenSSH\;K:\Git\cmd;C:\ProgramData\chocolatey\bin;C:\Program Files\Docker\Docker\resources\bin;C:\ProgramData\DockerDesktop\version-bin;K:\Programmieren\DevTools\nodejs\;C:\Program Files\NVIDIA Corporation\NVIDIA NvDLISR;C:\Users\Martin\AppData\Local\Microsoft\WindowsApps;K:\Microsoft VS Code\bin;C:\Users\Martin\AppData\Local\atom\bin;K:\InteliJ\IntelliJ IDEA Community Edition 2021.2.1\bin;;K:\ffmpeg-4.4.1-essentials_build\ffmpeg-4.4.1-essentials_build\bin;K:\Programmieren\DevTools\mongoosh\;K:\Programmieren\DevTools\PyCharm 2021.3.1\bin;;C:\Users\Martin\AppData\Roaming\npm;K:\Programmieren\DevTools\apache-maven-3.8.6\bin;C:\Users\Martin\.jdks\temurin-17.0.3\bin;C:\Program Files\CMake\bin;
USERNAME=Martin
OS=Windows_NT
PROCESSOR_IDENTIFIER=Intel64 Family 6 Model 60 Stepping 3, GenuineIntel



---------------  S Y S T E M  ---------------

OS:
 Windows 10 , 64 bit Build 19041 (10.0.19041.292)
OS uptime: 4 days 15:31 hours
Hyper-V role detected

CPU: total 4 (initial active 4) (4 cores per cpu, 1 threads per core) family 6 model 60 stepping 3 microcode 0x27, cx8, cmov, fxsr, mmx, sse, sse2, sse3, ssse3, sse4.1, sse4.2, popcnt, lzcnt, tsc, tscinvbit, avx, avx2, aes, erms, clmul, bmi1, bmi2, fma, vzeroupper, clflush, hv

Memory: 4k page, system-wide physical 8110M (343M free)
TotalPageFile size 14990M (AvailPageFile size 120M)
current process WorkingSet (physical memory assigned to process): 301M, peak: 305M
current process commit charge ("private bytes"): 329M, peak: 554M

vm_info: OpenJDK 64-Bit Server VM (17.0.3+7) for windows-amd64 JRE (17.0.3+7), built on Apr 19 2022 16:55:35 by "" with MS VC++ 16.7 (VS2019)

END.
