#
# There is insufficient memory for the Java Runtime Environment to continue.
# Native memory allocation (mmap) failed to map 65536 bytes for Failed to commit metaspace.
# Possible reasons:
#   The system is out of physical RAM or swap space
#   The process is running with CompressedOops enabled, and the Java Heap may be blocking the growth of the native heap
# Possible solutions:
#   Reduce memory load on the system
#   Increase physical memory or swap space
#   Check if swap backing store is full
#   Decrease Java heap size (-Xmx/-Xms)
#   Decrease number of Java threads
#   Decrease Java thread stack sizes (-Xss)
#   Set larger code cache with -XX:ReservedCodeCacheSize=
#   JVM is running with Unscaled Compressed Oops mode in which the Java heap is
#     placed in the first 4GB address space. The Java Heap base address is the
#     maximum limit for the native heap growth. Please use -XX:HeapBaseMinAddress
#     to set the Java Heap base and to place the Java Heap above 4GB virtual address.
# This output file may be truncated or incomplete.
#
#  Out of Memory Error (virtualSpaceNode.cpp:110), pid=12496, tid=11412
#
# JRE version: OpenJDK Runtime Environment Temurin-17.0.3+7 (17.0.3+7) (build 17.0.3+7)
# Java VM: OpenJDK 64-Bit Server VM Temurin-17.0.3+7 (17.0.3+7, mixed mode, emulated-client, sharing, tiered, compressed oops, compressed class ptrs, g1 gc, windows-amd64)
# No core dump will be written. Minidumps are not enabled by default on client versions of Windows
#

---------------  S U M M A R Y ------------

Command Line: -Dio.quarkus.force-color-support=true -Dquarkus-internal.serialized-app-model.path=K:\Schule\Aufbaujahr\RFS\Projekt\rubiks-cube-rfs\backend\target\quarkus\bootstrap\dev-app-model.dat -javaagent:C:\Users\Martin\.m2\repository\io\quarkus\quarkus-class-change-agent\2.13.2.Final\quarkus-class-change-agent-2.13.2.Final.jar -XX:TieredStopAtLevel=1 -agentlib:jdwp=transport=dt_socket,address=localhost:5005,server=y,suspend=n -Djava.util.logging.manager=org.jboss.logmanager.LogManager K:\Schule\Aufbaujahr\RFS\Projekt\rubiks-cube-rfs\backend\target\rfsprojekt-dev.jar

Host: Intel(R) Core(TM) i5-4590 CPU @ 3.30GHz, 4 cores, 7G,  Windows 10 , 64 bit Build 19041 (10.0.19041.292)
Time: Wed Nov  2 18:34:34 2022 Mitteleuropäische Zeit elapsed time: 1.921611 seconds (0d 0h 0m 1s)

---------------  T H R E A D  ---------------

Current thread (0x0000023edb0849a0):  JavaThread "main" [_thread_in_vm, id=11412, stack(0x00000043aa900000,0x00000043aaa00000)]

Stack: [0x00000043aa900000,0x00000043aaa00000]
Native frames: (J=compiled Java code, j=interpreted, Vv=VM code, C=native code)
V  [jvm.dll+0x675efa]
V  [jvm.dll+0x830a24]
V  [jvm.dll+0x8321ce]
V  [jvm.dll+0x832833]
V  [jvm.dll+0x2454b5]
V  [jvm.dll+0x82c9cb]
V  [jvm.dll+0x61ab26]
V  [jvm.dll+0x1c046e]
V  [jvm.dll+0x61d471]
V  [jvm.dll+0x61b4c6]
V  [jvm.dll+0x625317]
V  [jvm.dll+0x1ea19b]
V  [jvm.dll+0x1ea6d5]
V  [jvm.dll+0x1eb10f]
V  [jvm.dll+0x1e05b1]
V  [jvm.dll+0x53bb80]
V  [jvm.dll+0x7aba28]
V  [jvm.dll+0x7abb14]
V  [jvm.dll+0x40c7c5]
V  [jvm.dll+0x4129b8]
C  [java.dll+0x17ec]

Java frames: (J=compiled Java code, j=interpreted, Vv=VM code)
J 1596  java.lang.ClassLoader.defineClass1(Ljava/lang/ClassLoader;Ljava/lang/String;[BIILjava/security/ProtectionDomain;Ljava/lang/String;)Ljava/lang/Class; java.base@17.0.3 (0 bytes) @ 0x0000023ee2f6de63 [0x0000023ee2f6dda0+0x00000000000000c3]
J 1620 c1 java.lang.ClassLoader.defineClass(Ljava/lang/String;[BIILjava/security/ProtectionDomain;)Ljava/lang/Class; java.base@17.0.3 (43 bytes) @ 0x0000023ee2f7ba94 [0x0000023ee2f7b960+0x0000000000000134]
J 1622 c1 io.quarkus.bootstrap.classloading.QuarkusClassLoader.loadClass(Ljava/lang/String;Z)Ljava/lang/Class; (404 bytes) @ 0x0000023ee2f7e034 [0x0000023ee2f7d420+0x0000000000000c14]
J 1621 c1 io.quarkus.bootstrap.classloading.QuarkusClassLoader.loadClass(Ljava/lang/String;)Ljava/lang/Class; (50 bytes) @ 0x0000023ee2f7cd34 [0x0000023ee2f7cbe0+0x0000000000000154]
v  ~StubRoutines::call_stub
j  io.quarkus.builder.Execution.<init>(Lio/quarkus/builder/BuildExecutionBuilder;Ljava/util/Set;)V+94
j  io.quarkus.builder.BuildExecutionBuilder.execute()Lio/quarkus/builder/BuildResult;+12
j  io.quarkus.deployment.QuarkusAugmentor.run()Lio/quarkus/builder/BuildResult;+582
j  io.quarkus.runner.bootstrap.AugmentActionImpl.runAugment(ZLjava/util/Set;Lio/quarkus/bootstrap/app/ClassChangeInformation;Ljava/lang/ClassLoader;[Ljava/lang/Class;)Lio/quarkus/builder/BuildResult;+476
j  io.quarkus.runner.bootstrap.AugmentActionImpl.createInitialRuntimeApplication()Lio/quarkus/runner/bootstrap/StartupActionImpl;+38
j  io.quarkus.runner.bootstrap.AugmentActionImpl.createInitialRuntimeApplication()Lio/quarkus/bootstrap/app/StartupAction;+1
j  io.quarkus.deployment.dev.IsolatedDevModeMain.firstStart()V+10
j  io.quarkus.deployment.dev.IsolatedDevModeMain.accept(Lio/quarkus/bootstrap/app/CuratedApplication;Ljava/util/Map;)V+228
j  io.quarkus.deployment.dev.IsolatedDevModeMain.accept(Ljava/lang/Object;Ljava/lang/Object;)V+9
j  io.quarkus.bootstrap.app.CuratedApplication.runInCl(Ljava/lang/String;Ljava/util/Map;Lio/quarkus/bootstrap/classloading/QuarkusClassLoader;)Ljava/lang/Object;+47
j  io.quarkus.bootstrap.app.CuratedApplication.runInAugmentClassLoader(Ljava/lang/String;Ljava/util/Map;)Ljava/lang/Object;+7
j  io.quarkus.deployment.dev.DevModeMain.start()V+647
j  io.quarkus.deployment.dev.DevModeMain.main([Ljava/lang/String;)V+63
v  ~StubRoutines::call_stub

---------------  P R O C E S S  ---------------

Threads class SMR info:
_java_thread_list=0x0000023eedd348a0, length=17, elements={
0x0000023edb0849a0, 0x0000023eeca44b20, 0x0000023eeca45990, 0x0000023eeca5ba60,
0x0000023eeca5c6d0, 0x0000023eeca5e090, 0x0000023eeca5ea40, 0x0000023eeca5fa00,
0x0000023eeca6b900, 0x0000023eed590ac0, 0x0000023eed594d80, 0x0000023eed92e6c0,
0x0000023eeda9e440, 0x0000023eedaa1050, 0x0000023eee75e350, 0x0000023eee7b7e40,
0x0000023eeea175f0
}

Java Threads: ( => current thread )
=>0x0000023edb0849a0 JavaThread "main" [_thread_in_vm, id=11412, stack(0x00000043aa900000,0x00000043aaa00000)]
  0x0000023eeca44b20 JavaThread "Reference Handler" daemon [_thread_blocked, id=16056, stack(0x00000043ab000000,0x00000043ab100000)]
  0x0000023eeca45990 JavaThread "Finalizer" daemon [_thread_blocked, id=18336, stack(0x00000043ab100000,0x00000043ab200000)]
  0x0000023eeca5ba60 JavaThread "Signal Dispatcher" daemon [_thread_blocked, id=12224, stack(0x00000043ab200000,0x00000043ab300000)]
  0x0000023eeca5c6d0 JavaThread "Attach Listener" daemon [_thread_blocked, id=8732, stack(0x00000043ab300000,0x00000043ab400000)]
  0x0000023eeca5e090 JavaThread "Service Thread" daemon [_thread_blocked, id=18300, stack(0x00000043ab400000,0x00000043ab500000)]
  0x0000023eeca5ea40 JavaThread "Monitor Deflation Thread" daemon [_thread_blocked, id=16844, stack(0x00000043ab500000,0x00000043ab600000)]
  0x0000023eeca5fa00 JavaThread "C1 CompilerThread0" daemon [_thread_blocked, id=11584, stack(0x00000043ab600000,0x00000043ab700000)]
  0x0000023eeca6b900 JavaThread "Sweeper thread" daemon [_thread_blocked, id=16008, stack(0x00000043ab700000,0x00000043ab800000)]
  0x0000023eed590ac0 JavaThread "Common-Cleaner" daemon [_thread_blocked, id=21464, stack(0x00000043ab800000,0x00000043ab900000)]
  0x0000023eed594d80 JavaThread "C1 CompilerThread1" daemon [_thread_blocked, id=11920, stack(0x00000043ab900000,0x00000043aba00000)]
  0x0000023eed92e6c0 JavaThread "JDWP Transport Listener: dt_socket" daemon [_thread_in_native, id=13496, stack(0x00000043aba00000,0x00000043abb00000)]
  0x0000023eeda9e440 JavaThread "JDWP Event Helper Thread" daemon [_thread_blocked, id=2112, stack(0x00000043abb00000,0x00000043abc00000)]
  0x0000023eedaa1050 JavaThread "Notification Thread" daemon [_thread_blocked, id=1532, stack(0x00000043abc00000,0x00000043abd00000)]
  0x0000023eee75e350 JavaThread "Quarkus Devmode keep alive thread" [_thread_blocked, id=684, stack(0x00000043ac300000,0x00000043ac400000)]
  0x0000023eee7b7e40 JavaThread "ForkJoinPool.commonPool-worker-1" daemon [_thread_blocked, id=19164, stack(0x00000043ac400000,0x00000043ac500000)]
  0x0000023eeea175f0 JavaThread "C1 CompilerThread2" daemon [_thread_blocked, id=19792, stack(0x00000043ac500000,0x00000043ac600000)]

Other Threads:
  0x0000023eeca3ef10 VMThread "VM Thread" [stack: 0x00000043aaf00000,0x00000043ab000000] [id=9420]
  0x0000023eedaa1930 WatcherThread [stack: 0x00000043abd00000,0x00000043abe00000] [id=21124]
  0x0000023edb0e0020 GCTaskThread "GC Thread#0" [stack: 0x00000043aaa00000,0x00000043aab00000] [id=14292]
  0x0000023eedcc2dd0 GCTaskThread "GC Thread#1" [stack: 0x00000043abe00000,0x00000043abf00000] [id=2632]
  0x0000023eedd06240 GCTaskThread "GC Thread#2" [stack: 0x00000043abf00000,0x00000043ac000000] [id=3508]
  0x0000023eedc9ea10 GCTaskThread "GC Thread#3" [stack: 0x00000043ac000000,0x00000043ac100000] [id=11624]
  0x0000023edb0f0ce0 ConcurrentGCThread "G1 Main Marker" [stack: 0x00000043aab00000,0x00000043aac00000] [id=11040]
  0x0000023edb0f1e90 ConcurrentGCThread "G1 Conc#0" [stack: 0x00000043aac00000,0x00000043aad00000] [id=4612]
  0x0000023eec900090 ConcurrentGCThread "G1 Refine#0" [stack: 0x00000043aad00000,0x00000043aae00000] [id=15932]
  0x0000023eedce6d70 ConcurrentGCThread "G1 Refine#1" [stack: 0x00000043ac100000,0x00000043ac200000] [id=14312]
  0x0000023eee75ebe0 ConcurrentGCThread "G1 Refine#2" [stack: 0x00000043ac200000,0x00000043ac300000] [id=15064]
  0x0000023eec900ab0 ConcurrentGCThread "G1 Service" [stack: 0x00000043aae00000,0x00000043aaf00000] [id=9956]

Threads with active compile tasks:

VM state: not at safepoint (normal execution)

VM Mutex/Monitor currently owned by a thread:  ([mutex/lock_event])
[0x0000023edb07f9c0] Metaspace_lock - owner thread: 0x0000023edb0849a0

Heap address: 0x0000000081400000, size: 2028 MB, Compressed Oops mode: 32-bit

CDS archive(s) mapped at: [0x0000000800000000-0x0000000800bc0000-0x0000000800bc0000), size 12320768, SharedBaseAddress: 0x0000000800000000, ArchiveRelocationMode: 0.
Compressed class space mapped at: 0x0000000800c00000-0x0000000840c00000, reserved size: 1073741824
Narrow klass base: 0x0000000800000000, Narrow klass shift: 0, Narrow klass range: 0x100000000

GC Precious Log:
 CPUs: 4 total, 4 available
 Memory: 8110M
 Large Page Support: Disabled
 NUMA Support: Disabled
 Compressed Oops: Enabled (32-bit)
 Heap Region Size: 1M
 Heap Min Capacity: 8M
 Heap Initial Capacity: 128M
 Heap Max Capacity: 2028M
 Pre-touch: Disabled
 Parallel Workers: 4
 Concurrent Workers: 1
 Concurrent Refinement Workers: 4
 Periodic GC: Disabled

Heap:
 garbage-first heap   total 131072K, used 32893K [0x0000000081400000, 0x0000000100000000)
  region size 1024K, 19 young (19456K), 4 survivors (4096K)
 Metaspace       used 11047K, committed 11328K, reserved 1064960K
  class space    used 1464K, committed 1600K, reserved 1048576K

Heap Regions: E=young(eden), S=young(survivor), O=old, HS=humongous(starts), HC=humongous(continues), CS=collection set, F=free, OA=open archive, CA=closed archive, TAMS=top-at-mark-start (previous, next)
|   0|0x0000000081400000, 0x0000000081500000, 0x0000000081500000|100%| O|  |TAMS 0x0000000081400000, 0x0000000081400000| Untracked 
|   1|0x0000000081500000, 0x0000000081600000, 0x0000000081600000|100%| O|  |TAMS 0x0000000081500000, 0x0000000081500000| Untracked 
|   2|0x0000000081600000, 0x0000000081700000, 0x0000000081700000|100%| O|  |TAMS 0x0000000081600000, 0x0000000081600000| Untracked 
|   3|0x0000000081700000, 0x0000000081800000, 0x0000000081800000|100%| O|  |TAMS 0x0000000081700000, 0x0000000081700000| Untracked 
|   4|0x0000000081800000, 0x0000000081900000, 0x0000000081900000|100%| O|  |TAMS 0x0000000081800000, 0x0000000081800000| Untracked 
|   5|0x0000000081900000, 0x0000000081a00000, 0x0000000081a00000|100%| O|  |TAMS 0x0000000081900000, 0x0000000081900000| Untracked 
|   6|0x0000000081a00000, 0x0000000081b00000, 0x0000000081b00000|100%| O|  |TAMS 0x0000000081a00000, 0x0000000081a00000| Untracked 
|   7|0x0000000081b00000, 0x0000000081c00000, 0x0000000081c00000|100%| O|  |TAMS 0x0000000081b00000, 0x0000000081b00000| Untracked 
|   8|0x0000000081c00000, 0x0000000081d00000, 0x0000000081d00000|100%| O|  |TAMS 0x0000000081c00000, 0x0000000081c00000| Untracked 
|   9|0x0000000081d00000, 0x0000000081e00000, 0x0000000081e00000|100%| O|  |TAMS 0x0000000081d00000, 0x0000000081d00000| Untracked 
|  10|0x0000000081e00000, 0x0000000081f00000, 0x0000000081f00000|100%| O|  |TAMS 0x0000000081e00000, 0x0000000081e00000| Untracked 
|  11|0x0000000081f00000, 0x0000000082000000, 0x0000000082000000|100%| O|  |TAMS 0x0000000081f00000, 0x0000000081f00000| Untracked 
|  12|0x0000000082000000, 0x0000000082100000, 0x0000000082100000|100%| O|  |TAMS 0x0000000082000000, 0x0000000082000000| Untracked 
|  13|0x0000000082100000, 0x0000000082200000, 0x0000000082200000|100%| O|  |TAMS 0x0000000082100000, 0x0000000082100000| Untracked 
|  14|0x0000000082200000, 0x00000000822fea00, 0x0000000082300000| 99%| O|  |TAMS 0x0000000082200000, 0x0000000082200000| Untracked 
|  15|0x0000000082300000, 0x0000000082300000, 0x0000000082400000|  0%| F|  |TAMS 0x0000000082300000, 0x0000000082300000| Untracked 
|  16|0x0000000082400000, 0x0000000082400000, 0x0000000082500000|  0%| F|  |TAMS 0x0000000082400000, 0x0000000082400000| Untracked 
|  17|0x0000000082500000, 0x0000000082500000, 0x0000000082600000|  0%| F|  |TAMS 0x0000000082500000, 0x0000000082500000| Untracked 
|  18|0x0000000082600000, 0x0000000082600000, 0x0000000082700000|  0%| F|  |TAMS 0x0000000082600000, 0x0000000082600000| Untracked 
|  19|0x0000000082700000, 0x0000000082700000, 0x0000000082800000|  0%| F|  |TAMS 0x0000000082700000, 0x0000000082700000| Untracked 
|  20|0x0000000082800000, 0x0000000082800000, 0x0000000082900000|  0%| F|  |TAMS 0x0000000082800000, 0x0000000082800000| Untracked 
|  21|0x0000000082900000, 0x0000000082900000, 0x0000000082a00000|  0%| F|  |TAMS 0x0000000082900000, 0x0000000082900000| Untracked 
|  22|0x0000000082a00000, 0x0000000082a00000, 0x0000000082b00000|  0%| F|  |TAMS 0x0000000082a00000, 0x0000000082a00000| Untracked 
|  23|0x0000000082b00000, 0x0000000082b00000, 0x0000000082c00000|  0%| F|  |TAMS 0x0000000082b00000, 0x0000000082b00000| Untracked 
|  24|0x0000000082c00000, 0x0000000082c00000, 0x0000000082d00000|  0%| F|  |TAMS 0x0000000082c00000, 0x0000000082c00000| Untracked 
|  25|0x0000000082d00000, 0x0000000082d00000, 0x0000000082e00000|  0%| F|  |TAMS 0x0000000082d00000, 0x0000000082d00000| Untracked 
|  26|0x0000000082e00000, 0x0000000082e00000, 0x0000000082f00000|  0%| F|  |TAMS 0x0000000082e00000, 0x0000000082e00000| Untracked 
|  27|0x0000000082f00000, 0x0000000082f00000, 0x0000000083000000|  0%| F|  |TAMS 0x0000000082f00000, 0x0000000082f00000| Untracked 
|  28|0x0000000083000000, 0x0000000083000000, 0x0000000083100000|  0%| F|  |TAMS 0x0000000083000000, 0x0000000083000000| Untracked 
|  29|0x0000000083100000, 0x0000000083100000, 0x0000000083200000|  0%| F|  |TAMS 0x0000000083100000, 0x0000000083100000| Untracked 
|  30|0x0000000083200000, 0x0000000083200000, 0x0000000083300000|  0%| F|  |TAMS 0x0000000083200000, 0x0000000083200000| Untracked 
|  31|0x0000000083300000, 0x0000000083300000, 0x0000000083400000|  0%| F|  |TAMS 0x0000000083300000, 0x0000000083300000| Untracked 
|  32|0x0000000083400000, 0x0000000083400000, 0x0000000083500000|  0%| F|  |TAMS 0x0000000083400000, 0x0000000083400000| Untracked 
|  33|0x0000000083500000, 0x0000000083500000, 0x0000000083600000|  0%| F|  |TAMS 0x0000000083500000, 0x0000000083500000| Untracked 
|  34|0x0000000083600000, 0x0000000083600000, 0x0000000083700000|  0%| F|  |TAMS 0x0000000083600000, 0x0000000083600000| Untracked 
|  35|0x0000000083700000, 0x0000000083700000, 0x0000000083800000|  0%| F|  |TAMS 0x0000000083700000, 0x0000000083700000| Untracked 
|  36|0x0000000083800000, 0x0000000083800000, 0x0000000083900000|  0%| F|  |TAMS 0x0000000083800000, 0x0000000083800000| Untracked 
|  37|0x0000000083900000, 0x0000000083900000, 0x0000000083a00000|  0%| F|  |TAMS 0x0000000083900000, 0x0000000083900000| Untracked 
|  38|0x0000000083a00000, 0x0000000083a00000, 0x0000000083b00000|  0%| F|  |TAMS 0x0000000083a00000, 0x0000000083a00000| Untracked 
|  39|0x0000000083b00000, 0x0000000083b00000, 0x0000000083c00000|  0%| F|  |TAMS 0x0000000083b00000, 0x0000000083b00000| Untracked 
|  40|0x0000000083c00000, 0x0000000083c00000, 0x0000000083d00000|  0%| F|  |TAMS 0x0000000083c00000, 0x0000000083c00000| Untracked 
|  41|0x0000000083d00000, 0x0000000083d00000, 0x0000000083e00000|  0%| F|  |TAMS 0x0000000083d00000, 0x0000000083d00000| Untracked 
|  42|0x0000000083e00000, 0x0000000083e00000, 0x0000000083f00000|  0%| F|  |TAMS 0x0000000083e00000, 0x0000000083e00000| Untracked 
|  43|0x0000000083f00000, 0x0000000083f00000, 0x0000000084000000|  0%| F|  |TAMS 0x0000000083f00000, 0x0000000083f00000| Untracked 
|  44|0x0000000084000000, 0x0000000084000000, 0x0000000084100000|  0%| F|  |TAMS 0x0000000084000000, 0x0000000084000000| Untracked 
|  45|0x0000000084100000, 0x0000000084100000, 0x0000000084200000|  0%| F|  |TAMS 0x0000000084100000, 0x0000000084100000| Untracked 
|  46|0x0000000084200000, 0x0000000084200000, 0x0000000084300000|  0%| F|  |TAMS 0x0000000084200000, 0x0000000084200000| Untracked 
|  47|0x0000000084300000, 0x0000000084300000, 0x0000000084400000|  0%| F|  |TAMS 0x0000000084300000, 0x0000000084300000| Untracked 
|  48|0x0000000084400000, 0x0000000084400000, 0x0000000084500000|  0%| F|  |TAMS 0x0000000084400000, 0x0000000084400000| Untracked 
|  49|0x0000000084500000, 0x0000000084500000, 0x0000000084600000|  0%| F|  |TAMS 0x0000000084500000, 0x0000000084500000| Untracked 
|  50|0x0000000084600000, 0x0000000084600000, 0x0000000084700000|  0%| F|  |TAMS 0x0000000084600000, 0x0000000084600000| Untracked 
|  51|0x0000000084700000, 0x0000000084700000, 0x0000000084800000|  0%| F|  |TAMS 0x0000000084700000, 0x0000000084700000| Untracked 
|  52|0x0000000084800000, 0x0000000084800000, 0x0000000084900000|  0%| F|  |TAMS 0x0000000084800000, 0x0000000084800000| Untracked 
|  53|0x0000000084900000, 0x0000000084900000, 0x0000000084a00000|  0%| F|  |TAMS 0x0000000084900000, 0x0000000084900000| Untracked 
|  54|0x0000000084a00000, 0x0000000084a00000, 0x0000000084b00000|  0%| F|  |TAMS 0x0000000084a00000, 0x0000000084a00000| Untracked 
|  55|0x0000000084b00000, 0x0000000084b00000, 0x0000000084c00000|  0%| F|  |TAMS 0x0000000084b00000, 0x0000000084b00000| Untracked 
|  56|0x0000000084c00000, 0x0000000084c00000, 0x0000000084d00000|  0%| F|  |TAMS 0x0000000084c00000, 0x0000000084c00000| Untracked 
|  57|0x0000000084d00000, 0x0000000084d00000, 0x0000000084e00000|  0%| F|  |TAMS 0x0000000084d00000, 0x0000000084d00000| Untracked 
|  58|0x0000000084e00000, 0x0000000084e00000, 0x0000000084f00000|  0%| F|  |TAMS 0x0000000084e00000, 0x0000000084e00000| Untracked 
|  59|0x0000000084f00000, 0x0000000084f00000, 0x0000000085000000|  0%| F|  |TAMS 0x0000000084f00000, 0x0000000084f00000| Untracked 
|  60|0x0000000085000000, 0x0000000085000000, 0x0000000085100000|  0%| F|  |TAMS 0x0000000085000000, 0x0000000085000000| Untracked 
|  61|0x0000000085100000, 0x0000000085100000, 0x0000000085200000|  0%| F|  |TAMS 0x0000000085100000, 0x0000000085100000| Untracked 
|  62|0x0000000085200000, 0x0000000085200000, 0x0000000085300000|  0%| F|  |TAMS 0x0000000085200000, 0x0000000085200000| Untracked 
|  63|0x0000000085300000, 0x0000000085300000, 0x0000000085400000|  0%| F|  |TAMS 0x0000000085300000, 0x0000000085300000| Untracked 
|  64|0x0000000085400000, 0x0000000085400000, 0x0000000085500000|  0%| F|  |TAMS 0x0000000085400000, 0x0000000085400000| Untracked 
|  65|0x0000000085500000, 0x0000000085500000, 0x0000000085600000|  0%| F|  |TAMS 0x0000000085500000, 0x0000000085500000| Untracked 
|  66|0x0000000085600000, 0x0000000085600000, 0x0000000085700000|  0%| F|  |TAMS 0x0000000085600000, 0x0000000085600000| Untracked 
|  67|0x0000000085700000, 0x0000000085700000, 0x0000000085800000|  0%| F|  |TAMS 0x0000000085700000, 0x0000000085700000| Untracked 
|  68|0x0000000085800000, 0x0000000085800000, 0x0000000085900000|  0%| F|  |TAMS 0x0000000085800000, 0x0000000085800000| Untracked 
|  69|0x0000000085900000, 0x0000000085900000, 0x0000000085a00000|  0%| F|  |TAMS 0x0000000085900000, 0x0000000085900000| Untracked 
|  70|0x0000000085a00000, 0x0000000085a00000, 0x0000000085b00000|  0%| F|  |TAMS 0x0000000085a00000, 0x0000000085a00000| Untracked 
|  71|0x0000000085b00000, 0x0000000085b00000, 0x0000000085c00000|  0%| F|  |TAMS 0x0000000085b00000, 0x0000000085b00000| Untracked 
|  72|0x0000000085c00000, 0x0000000085c00000, 0x0000000085d00000|  0%| F|  |TAMS 0x0000000085c00000, 0x0000000085c00000| Untracked 
|  73|0x0000000085d00000, 0x0000000085d00000, 0x0000000085e00000|  0%| F|  |TAMS 0x0000000085d00000, 0x0000000085d00000| Untracked 
|  74|0x0000000085e00000, 0x0000000085e00000, 0x0000000085f00000|  0%| F|  |TAMS 0x0000000085e00000, 0x0000000085e00000| Untracked 
|  75|0x0000000085f00000, 0x0000000085f00000, 0x0000000086000000|  0%| F|  |TAMS 0x0000000085f00000, 0x0000000085f00000| Untracked 
|  76|0x0000000086000000, 0x0000000086000000, 0x0000000086100000|  0%| F|  |TAMS 0x0000000086000000, 0x0000000086000000| Untracked 
|  77|0x0000000086100000, 0x0000000086100000, 0x0000000086200000|  0%| F|  |TAMS 0x0000000086100000, 0x0000000086100000| Untracked 
|  78|0x0000000086200000, 0x0000000086200000, 0x0000000086300000|  0%| F|  |TAMS 0x0000000086200000, 0x0000000086200000| Untracked 
|  79|0x0000000086300000, 0x0000000086300000, 0x0000000086400000|  0%| F|  |TAMS 0x0000000086300000, 0x0000000086300000| Untracked 
|  80|0x0000000086400000, 0x0000000086400000, 0x0000000086500000|  0%| F|  |TAMS 0x0000000086400000, 0x0000000086400000| Untracked 
|  81|0x0000000086500000, 0x0000000086500000, 0x0000000086600000|  0%| F|  |TAMS 0x0000000086500000, 0x0000000086500000| Untracked 
|  82|0x0000000086600000, 0x0000000086600000, 0x0000000086700000|  0%| F|  |TAMS 0x0000000086600000, 0x0000000086600000| Untracked 
|  83|0x0000000086700000, 0x0000000086700000, 0x0000000086800000|  0%| F|  |TAMS 0x0000000086700000, 0x0000000086700000| Untracked 
|  84|0x0000000086800000, 0x0000000086800000, 0x0000000086900000|  0%| F|  |TAMS 0x0000000086800000, 0x0000000086800000| Untracked 
|  85|0x0000000086900000, 0x0000000086900000, 0x0000000086a00000|  0%| F|  |TAMS 0x0000000086900000, 0x0000000086900000| Untracked 
|  86|0x0000000086a00000, 0x0000000086a20dd8, 0x0000000086b00000| 12%| S|CS|TAMS 0x0000000086a00000, 0x0000000086a00000| Complete 
|  87|0x0000000086b00000, 0x0000000086c00000, 0x0000000086c00000|100%| S|CS|TAMS 0x0000000086b00000, 0x0000000086b00000| Complete 
|  88|0x0000000086c00000, 0x0000000086d00000, 0x0000000086d00000|100%| S|CS|TAMS 0x0000000086c00000, 0x0000000086c00000| Complete 
|  89|0x0000000086d00000, 0x0000000086e00000, 0x0000000086e00000|100%| S|CS|TAMS 0x0000000086d00000, 0x0000000086d00000| Complete 
|  90|0x0000000086e00000, 0x0000000086e00000, 0x0000000086f00000|  0%| F|  |TAMS 0x0000000086e00000, 0x0000000086e00000| Untracked 
|  91|0x0000000086f00000, 0x0000000086f00000, 0x0000000087000000|  0%| F|  |TAMS 0x0000000086f00000, 0x0000000086f00000| Untracked 
|  92|0x0000000087000000, 0x0000000087000000, 0x0000000087100000|  0%| F|  |TAMS 0x0000000087000000, 0x0000000087000000| Untracked 
|  93|0x0000000087100000, 0x0000000087100000, 0x0000000087200000|  0%| F|  |TAMS 0x0000000087100000, 0x0000000087100000| Untracked 
|  94|0x0000000087200000, 0x0000000087200000, 0x0000000087300000|  0%| F|  |TAMS 0x0000000087200000, 0x0000000087200000| Untracked 
|  95|0x0000000087300000, 0x0000000087300000, 0x0000000087400000|  0%| F|  |TAMS 0x0000000087300000, 0x0000000087300000| Untracked 
|  96|0x0000000087400000, 0x0000000087400000, 0x0000000087500000|  0%| F|  |TAMS 0x0000000087400000, 0x0000000087400000| Untracked 
|  97|0x0000000087500000, 0x0000000087500000, 0x0000000087600000|  0%| F|  |TAMS 0x0000000087500000, 0x0000000087500000| Untracked 
|  98|0x0000000087600000, 0x0000000087600000, 0x0000000087700000|  0%| F|  |TAMS 0x0000000087600000, 0x0000000087600000| Untracked 
|  99|0x0000000087700000, 0x0000000087700000, 0x0000000087800000|  0%| F|  |TAMS 0x0000000087700000, 0x0000000087700000| Untracked 
| 100|0x0000000087800000, 0x0000000087800000, 0x0000000087900000|  0%| F|  |TAMS 0x0000000087800000, 0x0000000087800000| Untracked 
| 101|0x0000000087900000, 0x0000000087900000, 0x0000000087a00000|  0%| F|  |TAMS 0x0000000087900000, 0x0000000087900000| Untracked 
| 102|0x0000000087a00000, 0x0000000087a00000, 0x0000000087b00000|  0%| F|  |TAMS 0x0000000087a00000, 0x0000000087a00000| Untracked 
| 103|0x0000000087b00000, 0x0000000087b00000, 0x0000000087c00000|  0%| F|  |TAMS 0x0000000087b00000, 0x0000000087b00000| Untracked 
| 104|0x0000000087c00000, 0x0000000087c00000, 0x0000000087d00000|  0%| F|  |TAMS 0x0000000087c00000, 0x0000000087c00000| Untracked 
| 105|0x0000000087d00000, 0x0000000087d00000, 0x0000000087e00000|  0%| F|  |TAMS 0x0000000087d00000, 0x0000000087d00000| Untracked 
| 106|0x0000000087e00000, 0x0000000087e00000, 0x0000000087f00000|  0%| F|  |TAMS 0x0000000087e00000, 0x0000000087e00000| Untracked 
| 107|0x0000000087f00000, 0x0000000087f00000, 0x0000000088000000|  0%| F|  |TAMS 0x0000000087f00000, 0x0000000087f00000| Untracked 
| 108|0x0000000088000000, 0x0000000088000000, 0x0000000088100000|  0%| F|  |TAMS 0x0000000088000000, 0x0000000088000000| Untracked 
| 109|0x0000000088100000, 0x0000000088100000, 0x0000000088200000|  0%| F|  |TAMS 0x0000000088100000, 0x0000000088100000| Untracked 
| 110|0x0000000088200000, 0x0000000088200000, 0x0000000088300000|  0%| F|  |TAMS 0x0000000088200000, 0x0000000088200000| Untracked 
| 111|0x0000000088300000, 0x0000000088300000, 0x0000000088400000|  0%| F|  |TAMS 0x0000000088300000, 0x0000000088300000| Untracked 
| 112|0x0000000088400000, 0x0000000088400000, 0x0000000088500000|  0%| F|  |TAMS 0x0000000088400000, 0x0000000088400000| Untracked 
| 113|0x0000000088500000, 0x0000000088580800, 0x0000000088600000| 50%| E|  |TAMS 0x0000000088500000, 0x0000000088500000| Complete 
| 114|0x0000000088600000, 0x0000000088700000, 0x0000000088700000|100%| E|CS|TAMS 0x0000000088600000, 0x0000000088600000| Complete 
| 115|0x0000000088700000, 0x0000000088800000, 0x0000000088800000|100%| E|CS|TAMS 0x0000000088700000, 0x0000000088700000| Complete 
| 116|0x0000000088800000, 0x0000000088900000, 0x0000000088900000|100%| E|CS|TAMS 0x0000000088800000, 0x0000000088800000| Complete 
| 117|0x0000000088900000, 0x0000000088a00000, 0x0000000088a00000|100%| E|CS|TAMS 0x0000000088900000, 0x0000000088900000| Complete 
| 118|0x0000000088a00000, 0x0000000088b00000, 0x0000000088b00000|100%| E|CS|TAMS 0x0000000088a00000, 0x0000000088a00000| Complete 
| 119|0x0000000088b00000, 0x0000000088c00000, 0x0000000088c00000|100%| E|CS|TAMS 0x0000000088b00000, 0x0000000088b00000| Complete 
| 120|0x0000000088c00000, 0x0000000088d00000, 0x0000000088d00000|100%| E|CS|TAMS 0x0000000088c00000, 0x0000000088c00000| Complete 
| 121|0x0000000088d00000, 0x0000000088e00000, 0x0000000088e00000|100%| E|CS|TAMS 0x0000000088d00000, 0x0000000088d00000| Complete 
| 122|0x0000000088e00000, 0x0000000088f00000, 0x0000000088f00000|100%| E|CS|TAMS 0x0000000088e00000, 0x0000000088e00000| Complete 
| 123|0x0000000088f00000, 0x0000000089000000, 0x0000000089000000|100%| E|CS|TAMS 0x0000000088f00000, 0x0000000088f00000| Complete 
| 124|0x0000000089000000, 0x0000000089100000, 0x0000000089100000|100%| E|CS|TAMS 0x0000000089000000, 0x0000000089000000| Complete 
| 125|0x0000000089100000, 0x0000000089200000, 0x0000000089200000|100%| E|CS|TAMS 0x0000000089100000, 0x0000000089100000| Complete 
| 126|0x0000000089200000, 0x0000000089300000, 0x0000000089300000|100%| E|CS|TAMS 0x0000000089200000, 0x0000000089200000| Complete 
| 127|0x0000000089300000, 0x0000000089400000, 0x0000000089400000|100%| E|CS|TAMS 0x0000000089300000, 0x0000000089300000| Complete 

Card table byte_map: [0x0000023ee5f70000,0x0000023ee6370000] _byte_map_base: 0x0000023ee5b66000

Marking Bits (Prev, Next): (CMBitMap*) 0x0000023edb0e0630, (CMBitMap*) 0x0000023edb0e0670
 Prev Bits: [0x0000023ee6770000, 0x0000023ee8720000)
 Next Bits: [0x0000023ee8720000, 0x0000023eea6d0000)

Polling page: 0x0000023ed9210000

Metaspace:

Usage:
  Non-class:      9.36 MB used.
      Class:      1.43 MB used.
       Both:     10.79 MB used.

Virtual space:
  Non-class space:       16.00 MB reserved,       9.50 MB ( 59%) committed,  2 nodes.
      Class space:        1.00 GB reserved,       1.56 MB ( <1%) committed,  1 nodes.
             Both:        1.02 GB reserved,      11.06 MB (  1%) committed. 

Chunk freelists:
   Non-Class:  1.36 MB
       Class:  2.38 MB
        Both:  3.73 MB

MaxMetaspaceSize: unlimited
CompressedClassSpaceSize: 1.00 GB
Initial GC threshold: 21.00 MB
Current GC threshold: 21.00 MB
CDS: on
MetaspaceReclaimPolicy: balanced
 - commit_granule_bytes: 65536.
 - commit_granule_words: 8192.
 - virtual_space_node_default_size: 1048576.
 - enlarge_chunks_in_place: 1.
 - new_chunks_are_fully_committed: 0.
 - uncommit_free_chunks: 1.
 - use_allocation_guard: 0.
 - handle_deallocations: 1.


Internal statistics:

num_allocs_failed_limit: 0.
num_arena_births: 242.
num_arena_deaths: 0.
num_vsnodes_births: 3.
num_vsnodes_deaths: 0.
num_space_committed: 177.
num_space_uncommitted: 0.
num_chunks_returned_to_freelist: 0.
num_chunks_taken_from_freelist: 699.
num_chunk_merges: 0.
num_chunk_splits: 409.
num_chunks_enlarged: 256.
num_purges: 0.
num_inconsistent_stats: 0.

CodeCache: size=49152Kb used=6597Kb max_used=6597Kb free=42554Kb
 bounds [0x0000023ee2b70000, 0x0000023ee31f0000, 0x0000023ee5b70000]
 total_blobs=3078 nmethods=2622 adapters=381
 compilation: enabled
              stopped_count=0, restarted_count=0
 full_count=0

Compilation events (20 events):
Event: 1.912 Thread 0x0000023eed594d80 2613       1       java.util.HashMap::<init> (17 bytes)
Event: 1.912 Thread 0x0000023eed594d80 nmethod 2613 0x0000023ee31dc890 code [0x0000023ee31dca20, 0x0000023ee31dcb28]
Event: 1.912 Thread 0x0000023eeca5fa00 2614       1       io.quarkus.builder.BuildStepBuilder$$Lambda$233/0x0000000800d9d0c0::test (8 bytes)
Event: 1.912 Thread 0x0000023eeea175f0 2615       1       io.quarkus.builder.BuildStepBuilder::lambda$getRealConsumes$2 (24 bytes)
Event: 1.912 Thread 0x0000023eeea175f0 nmethod 2615 0x0000023ee31dcc10 code [0x0000023ee31dcda0, 0x0000023ee31dcee8]
Event: 1.912 Thread 0x0000023eeca5fa00 nmethod 2614 0x0000023ee31dcf90 code [0x0000023ee31dd140, 0x0000023ee31dd308]
Event: 1.912 Thread 0x0000023eeea175f0 2616       1       io.quarkus.builder.BuildChainBuilder::buildOne (318 bytes)
Event: 1.912 Thread 0x0000023eeca5fa00 2617       1       java.util.Collection::removeIf (51 bytes)
Event: 1.912 Thread 0x0000023eed594d80 2618       1       io.quarkus.builder.BuildStepBuilder$$Lambda$234/0x0000000800d9d308::test (8 bytes)
Event: 1.912 Thread 0x0000023eeca5fa00 nmethod 2617 0x0000023ee31dd410 code [0x0000023ee31dd600, 0x0000023ee31dd898]
Event: 1.912 Thread 0x0000023eed594d80 nmethod 2618 0x0000023ee31dda10 code [0x0000023ee31ddbc0, 0x0000023ee31ddd88]
Event: 1.912 Thread 0x0000023eeca5fa00 2619       1       io.quarkus.builder.BuildStepBuilder::lambda$getRealProduces$3 (24 bytes)
Event: 1.913 Thread 0x0000023eeca5fa00 nmethod 2619 0x0000023ee31dde90 code [0x0000023ee31de020, 0x0000023ee31de168]
Event: 1.913 Thread 0x0000023eeea175f0 nmethod 2616 0x0000023ee31de210 code [0x0000023ee31de520, 0x0000023ee31df0e8]
Event: 1.913 Thread 0x0000023eeea175f0 2620       1       io.quarkus.builder.StepInfo::<init> (39 bytes)
Event: 1.913 Thread 0x0000023eeca5fa00 2621       1       io.quarkus.builder.BuildStepBuilder::getRealConsumes (32 bytes)
Event: 1.913 Thread 0x0000023eed594d80 2622       1       io.quarkus.builder.BuildStepBuilder::getRealProduces (32 bytes)
Event: 1.913 Thread 0x0000023eeca5fa00 nmethod 2621 0x0000023ee31df890 code [0x0000023ee31dfa60, 0x0000023ee31dfe78]
Event: 1.913 Thread 0x0000023eed594d80 nmethod 2622 0x0000023ee31e0010 code [0x0000023ee31e01e0, 0x0000023ee31e05f8]
Event: 1.913 Thread 0x0000023eeea175f0 nmethod 2620 0x0000023ee31e0790 code [0x0000023ee31e09a0, 0x0000023ee31e1298]

GC Heap History (8 events):
Event: 0.450 GC heap before
{Heap before GC invocations=0 (full 0):
 garbage-first heap   total 131072K, used 12288K [0x0000000081400000, 0x0000000100000000)
  region size 1024K, 13 young (13312K), 0 survivors (0K)
 Metaspace       used 3088K, committed 3328K, reserved 1056768K
  class space    used 355K, committed 448K, reserved 1048576K
}
Event: 0.455 GC heap after
{Heap after GC invocations=1 (full 0):
 garbage-first heap   total 131072K, used 5048K [0x0000000081400000, 0x0000000100000000)
  region size 1024K, 2 young (2048K), 2 survivors (2048K)
 Metaspace       used 3088K, committed 3328K, reserved 1056768K
  class space    used 355K, committed 448K, reserved 1048576K
}
Event: 0.617 GC heap before
{Heap before GC invocations=1 (full 0):
 garbage-first heap   total 131072K, used 18360K [0x0000000081400000, 0x0000000100000000)
  region size 1024K, 15 young (15360K), 2 survivors (2048K)
 Metaspace       used 3350K, committed 3584K, reserved 1056768K
  class space    used 403K, committed 512K, reserved 1048576K
}
Event: 0.625 GC heap after
{Heap after GC invocations=2 (full 0):
 garbage-first heap   total 131072K, used 10985K [0x0000000081400000, 0x0000000100000000)
  region size 1024K, 2 young (2048K), 2 survivors (2048K)
 Metaspace       used 3350K, committed 3584K, reserved 1056768K
  class space    used 403K, committed 512K, reserved 1048576K
}
Event: 0.706 GC heap before
{Heap before GC invocations=2 (full 0):
 garbage-first heap   total 131072K, used 27369K [0x0000000081400000, 0x0000000100000000)
  region size 1024K, 18 young (18432K), 2 survivors (2048K)
 Metaspace       used 3433K, committed 3648K, reserved 1056768K
  class space    used 415K, committed 512K, reserved 1048576K
}
Event: 0.713 GC heap after
{Heap after GC invocations=3 (full 0):
 garbage-first heap   total 131072K, used 15360K [0x0000000081400000, 0x0000000100000000)
  region size 1024K, 3 young (3072K), 3 survivors (3072K)
 Metaspace       used 3433K, committed 3648K, reserved 1056768K
  class space    used 415K, committed 512K, reserved 1048576K
}
Event: 1.701 GC heap before
{Heap before GC invocations=3 (full 0):
 garbage-first heap   total 131072K, used 51200K [0x0000000081400000, 0x0000000100000000)
  region size 1024K, 38 young (38912K), 3 survivors (3072K)
 Metaspace       used 9401K, committed 9664K, reserved 1064960K
  class space    used 1191K, committed 1280K, reserved 1048576K
}
Event: 1.706 GC heap after
{Heap after GC invocations=4 (full 0):
 garbage-first heap   total 131072K, used 18557K [0x0000000081400000, 0x0000000100000000)
  region size 1024K, 4 young (4096K), 4 survivors (4096K)
 Metaspace       used 9401K, committed 9664K, reserved 1064960K
  class space    used 1191K, committed 1280K, reserved 1048576K
}

Deoptimization events (20 events):
Event: 1.480 Thread 0x0000023edb0849a0 DEOPT PACKING pc=0x0000023ee2e691ec sp=0x00000043aa9fe3f0
Event: 1.480 Thread 0x0000023edb0849a0 DEOPT UNPACKING pc=0x0000023ee2bc2b43 sp=0x00000043aa9fd888 mode 1
Event: 1.480 Thread 0x0000023edb0849a0 DEOPT PACKING pc=0x0000023ee2e679fc sp=0x00000043aa9fe4c0
Event: 1.480 Thread 0x0000023edb0849a0 DEOPT UNPACKING pc=0x0000023ee2bc2b43 sp=0x00000043aa9fd968 mode 1
Event: 1.480 Thread 0x0000023edb0849a0 DEOPT PACKING pc=0x0000023ee2f7de8c sp=0x00000043aa9fe510
Event: 1.480 Thread 0x0000023edb0849a0 DEOPT UNPACKING pc=0x0000023ee2bc2b43 sp=0x00000043aa9fdb30 mode 1
Event: 1.480 Thread 0x0000023edb0849a0 DEOPT PACKING pc=0x0000023ee2f7cd34 sp=0x00000043aa9fe760
Event: 1.480 Thread 0x0000023edb0849a0 DEOPT UNPACKING pc=0x0000023ee2bc2b43 sp=0x00000043aa9fdc18 mode 1
Event: 1.748 Thread 0x0000023edb0849a0 DEOPT PACKING pc=0x0000023ee31545e1 sp=0x00000043aa9fdcd0
Event: 1.748 Thread 0x0000023edb0849a0 DEOPT UNPACKING pc=0x0000023ee2bc2b43 sp=0x00000043aa9fd1c0 mode 3
Event: 1.915 Thread 0x0000023edb0849a0 DEOPT PACKING pc=0x0000023ee2e691ec sp=0x00000043aa9fdbc0
Event: 1.915 Thread 0x0000023edb0849a0 DEOPT UNPACKING pc=0x0000023ee2bc2b43 sp=0x00000043aa9fd058 mode 1
Event: 1.915 Thread 0x0000023edb0849a0 DEOPT PACKING pc=0x0000023ee2e679fc sp=0x00000043aa9fdc90
Event: 1.915 Thread 0x0000023edb0849a0 DEOPT UNPACKING pc=0x0000023ee2bc2b43 sp=0x00000043aa9fd138 mode 1
Event: 1.915 Thread 0x0000023edb0849a0 DEOPT PACKING pc=0x0000023ee2f7de8c sp=0x00000043aa9fdce0
Event: 1.915 Thread 0x0000023edb0849a0 DEOPT UNPACKING pc=0x0000023ee2bc2b43 sp=0x00000043aa9fd300 mode 1
Event: 1.915 Thread 0x0000023edb0849a0 DEOPT PACKING pc=0x0000023ee2f7cd34 sp=0x00000043aa9fdf30
Event: 1.915 Thread 0x0000023edb0849a0 DEOPT UNPACKING pc=0x0000023ee2bc2b43 sp=0x00000043aa9fd3e8 mode 1
Event: 1.915 Thread 0x0000023edb0849a0 DEOPT PACKING pc=0x0000023ee2fd1754 sp=0x00000043aa9fe930
Event: 1.915 Thread 0x0000023edb0849a0 DEOPT UNPACKING pc=0x0000023ee2bc2b43 sp=0x00000043aa9fde20 mode 1

Classes unloaded (0 events):
No events

Classes redefined (0 events):
No events

Internal exceptions (20 events):
Event: 1.192 Thread 0x0000023edb0849a0 Exception <a 'sun/nio/fs/WindowsException'{0x0000000088bda3c8}> (0x0000000088bda3c8) 
thrown [e:\jenkins\tmp\workspace\build\src\src\hotspot\share\prims\jni.cpp, line 516]
Event: 1.192 Thread 0x0000023edb0849a0 Exception <a 'sun/nio/fs/WindowsException'{0x0000000088bdc020}> (0x0000000088bdc020) 
thrown [e:\jenkins\tmp\workspace\build\src\src\hotspot\share\prims\jni.cpp, line 516]
Event: 1.192 Thread 0x0000023edb0849a0 Exception <a 'sun/nio/fs/WindowsException'{0x0000000088bdc510}> (0x0000000088bdc510) 
thrown [e:\jenkins\tmp\workspace\build\src\src\hotspot\share\prims\jni.cpp, line 516]
Event: 1.284 Thread 0x0000023edb0849a0 Exception <a 'java/lang/NoSuchMethodError'{0x0000000088acea80}: 'void java.lang.invoke.DirectMethodHandle$Holder.invokeStaticInit(java.lang.Object, java.lang.Object)'> (0x0000000088acea80) 
thrown [e:\jenkins\tmp\workspace\build\src\src\hotspot\share\interpreter\linkResolver.cpp, line 766]
Event: 1.422 Thread 0x0000023edb0849a0 Exception <a 'sun/nio/fs/WindowsException'{0x000000008827e4d8}> (0x000000008827e4d8) 
thrown [e:\jenkins\tmp\workspace\build\src\src\hotspot\share\prims\jni.cpp, line 516]
Event: 1.422 Thread 0x0000023edb0849a0 Exception <a 'sun/nio/fs/WindowsException'{0x000000008827ec90}> (0x000000008827ec90) 
thrown [e:\jenkins\tmp\workspace\build\src\src\hotspot\share\prims\jni.cpp, line 516]
Event: 1.422 Thread 0x0000023edb0849a0 Exception <a 'sun/nio/fs/WindowsException'{0x000000008827f060}> (0x000000008827f060) 
thrown [e:\jenkins\tmp\workspace\build\src\src\hotspot\share\prims\jni.cpp, line 516]
Event: 1.430 Thread 0x0000023edb0849a0 Exception <a 'sun/nio/fs/WindowsException'{0x00000000882df160}> (0x00000000882df160) 
thrown [e:\jenkins\tmp\workspace\build\src\src\hotspot\share\prims\jni.cpp, line 516]
Event: 1.430 Thread 0x0000023edb0849a0 Exception <a 'sun/nio/fs/WindowsException'{0x00000000882dfa38}> (0x00000000882dfa38) 
thrown [e:\jenkins\tmp\workspace\build\src\src\hotspot\share\prims\jni.cpp, line 516]
Event: 1.430 Thread 0x0000023edb0849a0 Exception <a 'sun/nio/fs/WindowsException'{0x00000000882dfe38}> (0x00000000882dfe38) 
thrown [e:\jenkins\tmp\workspace\build\src\src\hotspot\share\prims\jni.cpp, line 516]
Event: 1.456 Thread 0x0000023edb0849a0 Exception <a 'java/lang/NoSuchMethodError'{0x0000000087d48c60}: 'java.lang.Object java.lang.invoke.Invokers$Holder.invokeExact_MT(java.lang.Object, java.lang.Object, java.lang.Object, java.lang.Object, java.lang.Object, java.lang.Object)'> (0x0000000087d48c60) 
thrown [e:\jenkins\tmp\workspace\build\src\src\hotspot\share\interpreter\linkResolver.cpp, line 766]
Event: 1.468 Thread 0x0000023edb0849a0 Exception <a 'java/lang/NoSuchMethodError'{0x0000000087dd6238}: 'int java.lang.invoke.DirectMethodHandle$Holder.invokeVirtual(java.lang.Object, java.lang.Object)'> (0x0000000087dd6238) 
thrown [e:\jenkins\tmp\workspace\build\src\src\hotspot\share\interpreter\linkResolver.cpp, line 766]
Event: 1.470 Thread 0x0000023edb0849a0 Exception <a 'sun/nio/fs/WindowsException'{0x0000000087de4250}> (0x0000000087de4250) 
thrown [e:\jenkins\tmp\workspace\build\src\src\hotspot\share\prims\jni.cpp, line 516]
Event: 1.501 Thread 0x0000023edb0849a0 Exception <a 'java/lang/NoSuchMethodError'{0x0000000087bb3240}: 'void java.lang.invoke.DirectMethodHandle$Holder.invokeInterface(java.lang.Object, java.lang.Object, java.lang.Object, java.lang.Object)'> (0x0000000087bb3240) 
thrown [e:\jenkins\tmp\workspace\build\src\src\hotspot\share\interpreter\linkResolver.cpp, line 766]
Event: 1.560 Thread 0x0000023edb0849a0 Exception <a 'java/lang/NoSuchMethodError'{0x0000000087818198}: 'void java.lang.invoke.DirectMethodHandle$Holder.invokeSpecialIFC(java.lang.Object, java.lang.Object, java.lang.Object, java.lang.Object)'> (0x0000000087818198) 
thrown [e:\jenkins\tmp\workspace\build\src\src\hotspot\share\interpreter\linkResolver.cpp, line 766]
Event: 1.590 Thread 0x0000023edb0849a0 Exception <a 'java/lang/NoSuchMethodError'{0x000000008766b1c0}: 'int java.lang.invoke.DirectMethodHandle$Holder.invokeStaticInit(java.lang.Object, java.lang.Object)'> (0x000000008766b1c0) 
thrown [e:\jenkins\tmp\workspace\build\src\src\hotspot\share\interpreter\linkResolver.cpp, line 766]
Event: 1.724 Thread 0x0000023edb0849a0 Exception <a 'java/lang/NoSuchMethodError'{0x00000000893fb0d8}: 'int java.lang.invoke.DirectMethodHandle$Holder.invokeStatic(java.lang.Object)'> (0x00000000893fb0d8) 
thrown [e:\jenkins\tmp\workspace\build\src\src\hotspot\share\interpreter\linkResolver.cpp, line 766]
Event: 1.730 Thread 0x0000023edb0849a0 Exception <a 'java/lang/NoSuchMethodError'{0x0000000089281ac0}: 'java.lang.Object java.lang.invoke.DirectMethodHandle$Holder.newInvokeSpecial(java.lang.Object, java.lang.Object, java.lang.Object, java.lang.Object, java.lang.Object)'> (0x0000000089281ac0) 
thrown [e:\jenkins\tmp\workspace\build\src\src\hotspot\share\interpreter\linkResolver.cpp, line 766]
Event: 1.750 Thread 0x0000023edb0849a0 Exception <a 'java/lang/NoSuchMethodError'{0x00000000891884e0}: 'java.lang.Object java.lang.invoke.DirectMethodHandle$Holder.newInvokeSpecial(java.lang.Object, java.lang.Object, int)'> (0x00000000891884e0) 
thrown [e:\jenkins\tmp\workspace\build\src\src\hotspot\share\interpreter\linkResolver.cpp, line 766]
Event: 1.777 Thread 0x0000023edb0849a0 Exception <a 'java/lang/NoSuchMethodError'{0x00000000890f1150}: 'void java.lang.invoke.DirectMethodHandle$Holder.invokeSpecialIFC(java.lang.Object, java.lang.Object, java.lang.Object, java.lang.Object, java.lang.Object)'> (0x00000000890f1150) 
thrown [e:\jenkins\tmp\workspace\build\src\src\hotspot\share\interpreter\linkResolver.cpp, line 766]

VM Operations (20 events):
Event: 1.725 Executing VM operation: HandshakeAllThreads
Event: 1.725 Executing VM operation: HandshakeAllThreads done
Event: 1.890 Executing VM operation: ICBufferFull
Event: 1.890 Executing VM operation: ICBufferFull done
Event: 1.891 Executing VM operation: ICBufferFull
Event: 1.891 Executing VM operation: ICBufferFull done
Event: 1.892 Executing VM operation: ICBufferFull
Event: 1.892 Executing VM operation: ICBufferFull done
Event: 1.893 Executing VM operation: ICBufferFull
Event: 1.893 Executing VM operation: ICBufferFull done
Event: 1.895 Executing VM operation: ICBufferFull
Event: 1.895 Executing VM operation: ICBufferFull done
Event: 1.896 Executing VM operation: ICBufferFull
Event: 1.896 Executing VM operation: ICBufferFull done
Event: 1.897 Executing VM operation: ICBufferFull
Event: 1.897 Executing VM operation: ICBufferFull done
Event: 1.898 Executing VM operation: ICBufferFull
Event: 1.898 Executing VM operation: ICBufferFull done
Event: 1.899 Executing VM operation: ICBufferFull
Event: 1.899 Executing VM operation: ICBufferFull done

Events (20 events):
Event: 1.726 loading class sun/reflect/generics/tree/VoidDescriptor
Event: 1.726 loading class sun/reflect/generics/tree/VoidDescriptor done
Event: 1.729 loading class sun/reflect/annotation/AnnotationSupport
Event: 1.729 loading class sun/reflect/annotation/AnnotationSupport done
Event: 1.729 loading class java/lang/annotation/Repeatable
Event: 1.729 loading class java/lang/annotation/Repeatable done
Event: 1.729 loading class java/lang/annotation/ElementType
Event: 1.729 loading class java/lang/annotation/ElementType done
Event: 1.773 loading class java/security/NoSuchAlgorithmException
Event: 1.773 loading class java/security/GeneralSecurityException
Event: 1.773 loading class java/security/GeneralSecurityException done
Event: 1.773 loading class java/security/NoSuchAlgorithmException done
Event: 1.801 loading class sun/reflect/generics/scope/ConstructorScope
Event: 1.801 loading class sun/reflect/generics/scope/ConstructorScope done
Event: 1.860 loading class java/util/concurrent/ScheduledThreadPoolExecutor
Event: 1.860 loading class java/util/concurrent/ScheduledExecutorService
Event: 1.860 loading class java/util/concurrent/ScheduledExecutorService done
Event: 1.860 loading class java/util/concurrent/ScheduledThreadPoolExecutor done
Event: 1.914 loading class sun/reflect/generics/tree/ArrayTypeSignature
Event: 1.914 loading class sun/reflect/generics/tree/ArrayTypeSignature done


Dynamic libraries:
0x00007ff66ad00000 - 0x00007ff66ad0e000 	C:\Users\Martin\.jdks\temurin-17.0.3\bin\java.EXE
0x00007ffa5ecf0000 - 0x00007ffa5eee5000 	C:\WINDOWS\SYSTEM32\ntdll.dll
0x00007ffa5ebf0000 - 0x00007ffa5ecad000 	C:\WINDOWS\System32\KERNEL32.DLL
0x00007ffa5c860000 - 0x00007ffa5cb27000 	C:\WINDOWS\System32\KERNELBASE.dll
0x00007ffa5cb30000 - 0x00007ffa5cc30000 	C:\WINDOWS\System32\ucrtbase.dll
0x00007ffa59a70000 - 0x00007ffa59a89000 	C:\Users\Martin\.jdks\temurin-17.0.3\bin\VCRUNTIME140.dll
0x00007ffa59a90000 - 0x00007ffa59aa8000 	C:\Users\Martin\.jdks\temurin-17.0.3\bin\jli.dll
0x00007ffa5e110000 - 0x00007ffa5e2b0000 	C:\WINDOWS\System32\USER32.dll
0x00007ffa5c510000 - 0x00007ffa5c532000 	C:\WINDOWS\System32\win32u.dll
0x00007ffa4a080000 - 0x00007ffa4a31b000 	C:\WINDOWS\WinSxS\amd64_microsoft.windows.common-controls_6595b64144ccf1df_6.0.19041.488_none_ca04af081b815d21\COMCTL32.dll
0x00007ffa5cfe0000 - 0x00007ffa5d00a000 	C:\WINDOWS\System32\GDI32.dll
0x00007ffa5e570000 - 0x00007ffa5e60e000 	C:\WINDOWS\System32\msvcrt.dll
0x00007ffa5c540000 - 0x00007ffa5c649000 	C:\WINDOWS\System32\gdi32full.dll
0x00007ffa5ccb0000 - 0x00007ffa5cd4d000 	C:\WINDOWS\System32\msvcp_win.dll
0x00007ffa5e2b0000 - 0x00007ffa5e2e0000 	C:\WINDOWS\System32\IMM32.DLL
0x00007ffa59d50000 - 0x00007ffa59d5c000 	C:\Users\Martin\.jdks\temurin-17.0.3\bin\vcruntime140_1.dll
0x00007ffa4dac0000 - 0x00007ffa4db51000 	C:\Users\Martin\.jdks\temurin-17.0.3\bin\msvcp140.dll
0x00007ffa21d10000 - 0x00007ffa22958000 	C:\Users\Martin\.jdks\temurin-17.0.3\bin\server\jvm.dll
0x00007ffa5e3d0000 - 0x00007ffa5e47a000 	C:\WINDOWS\System32\ADVAPI32.dll
0x00007ffa5d550000 - 0x00007ffa5d5eb000 	C:\WINDOWS\System32\sechost.dll
0x00007ffa5e610000 - 0x00007ffa5e734000 	C:\WINDOWS\System32\RPCRT4.dll
0x00007ffa5ebe0000 - 0x00007ffa5ebe8000 	C:\WINDOWS\System32\PSAPI.DLL
0x00007ffa3ad00000 - 0x00007ffa3ad09000 	C:\WINDOWS\SYSTEM32\WSOCK32.dll
0x00007ffa557b0000 - 0x00007ffa557ba000 	C:\WINDOWS\SYSTEM32\VERSION.dll
0x00007ffa547f0000 - 0x00007ffa54817000 	C:\WINDOWS\SYSTEM32\WINMM.dll
0x00007ffa5e990000 - 0x00007ffa5e9fb000 	C:\WINDOWS\System32\WS2_32.dll
0x00007ffa5a370000 - 0x00007ffa5a383000 	C:\WINDOWS\SYSTEM32\kernel.appcore.dll
0x00007ffa59a00000 - 0x00007ffa59a0a000 	C:\Users\Martin\.jdks\temurin-17.0.3\bin\jimage.dll
0x00007ffa50a30000 - 0x00007ffa50c14000 	C:\WINDOWS\SYSTEM32\DBGHELP.DLL
0x00007ffa4c3f0000 - 0x00007ffa4c41c000 	C:\WINDOWS\SYSTEM32\dbgcore.DLL
0x00007ffa5c490000 - 0x00007ffa5c50f000 	C:\WINDOWS\System32\bcryptPrimitives.dll
0x00007ffa57490000 - 0x00007ffa5749e000 	C:\Users\Martin\.jdks\temurin-17.0.3\bin\instrument.dll
0x00007ffa597b0000 - 0x00007ffa597d5000 	C:\Users\Martin\.jdks\temurin-17.0.3\bin\java.dll
0x00007ffa4da80000 - 0x00007ffa4dabb000 	C:\Users\Martin\.jdks\temurin-17.0.3\bin\jdwp.dll
0x00007ffa4d410000 - 0x00007ffa4d4e6000 	C:\Users\Martin\.jdks\temurin-17.0.3\bin\jsvml.dll
0x00007ffa5d650000 - 0x00007ffa5dd91000 	C:\WINDOWS\System32\SHELL32.dll
0x00007ffa5a570000 - 0x00007ffa5ad03000 	C:\WINDOWS\SYSTEM32\windows.storage.dll
0x00007ffa5ddb0000 - 0x00007ffa5e105000 	C:\WINDOWS\System32\combase.dll
0x00007ffa5bdd0000 - 0x00007ffa5bdfc000 	C:\WINDOWS\SYSTEM32\Wldp.dll
0x00007ffa5eb30000 - 0x00007ffa5ebde000 	C:\WINDOWS\System32\SHCORE.dll
0x00007ffa5d5f0000 - 0x00007ffa5d645000 	C:\WINDOWS\System32\shlwapi.dll
0x00007ffa5c360000 - 0x00007ffa5c386000 	C:\WINDOWS\SYSTEM32\profapi.dll
0x00007ffa53890000 - 0x00007ffa538a8000 	C:\Users\Martin\.jdks\temurin-17.0.3\bin\zip.dll
0x00007ffa59380000 - 0x00007ffa59399000 	C:\Users\Martin\.jdks\temurin-17.0.3\bin\net.dll
0x00007ffa50fd0000 - 0x00007ffa510d0000 	C:\WINDOWS\SYSTEM32\WINHTTP.dll
0x00007ffa5bbc0000 - 0x00007ffa5bc2a000 	C:\WINDOWS\system32\mswsock.dll
0x00007ffa538b0000 - 0x00007ffa538c5000 	C:\Users\Martin\.jdks\temurin-17.0.3\bin\nio.dll
0x00007ffa53880000 - 0x00007ffa5388c000 	C:\Users\Martin\.jdks\temurin-17.0.3\bin\dt_socket.dll
0x00007ffa5b880000 - 0x00007ffa5b8bb000 	C:\WINDOWS\SYSTEM32\IPHLPAPI.DLL
0x00007ffa5b8d0000 - 0x00007ffa5b99b000 	C:\WINDOWS\SYSTEM32\DNSAPI.dll
0x00007ffa5e560000 - 0x00007ffa5e569000 	C:\WINDOWS\System32\NSI.dll
0x00007ffa54790000 - 0x00007ffa5479a000 	C:\Windows\System32\rasadhlp.dll
0x00007ffa50c20000 - 0x00007ffa50c9f000 	C:\WINDOWS\System32\fwpuclnt.dll
0x00007ffa5cc30000 - 0x00007ffa5cc57000 	C:\WINDOWS\System32\bcrypt.dll
0x00007ffa599f0000 - 0x00007ffa59a00000 	C:\Users\Martin\.jdks\temurin-17.0.3\bin\verify.dll
0x00007ffa53870000 - 0x00007ffa53879000 	C:\Users\Martin\.jdks\temurin-17.0.3\bin\management.dll
0x00007ffa53860000 - 0x00007ffa5386b000 	C:\Users\Martin\.jdks\temurin-17.0.3\bin\management_ext.dll

dbghelp: loaded successfully - version: 4.0.5 - missing functions: none
symbol engine: initialized successfully - sym options: 0x614 - pdb path: .;C:\Users\Martin\.jdks\temurin-17.0.3\bin;C:\WINDOWS\SYSTEM32;C:\WINDOWS\WinSxS\amd64_microsoft.windows.common-controls_6595b64144ccf1df_6.0.19041.488_none_ca04af081b815d21;C:\Users\Martin\.jdks\temurin-17.0.3\bin\server

VM Arguments:
jvm_args: -Dio.quarkus.force-color-support=true -Dquarkus-internal.serialized-app-model.path=K:\Schule\Aufbaujahr\RFS\Projekt\rubiks-cube-rfs\backend\target\quarkus\bootstrap\dev-app-model.dat -javaagent:C:\Users\Martin\.m2\repository\io\quarkus\quarkus-class-change-agent\2.13.2.Final\quarkus-class-change-agent-2.13.2.Final.jar -XX:TieredStopAtLevel=1 -agentlib:jdwp=transport=dt_socket,address=localhost:5005,server=y,suspend=n -Djava.util.logging.manager=org.jboss.logmanager.LogManager 
java_command: K:\Schule\Aufbaujahr\RFS\Projekt\rubiks-cube-rfs\backend\target\rfsprojekt-dev.jar
java_class_path (initial): K:\Schule\Aufbaujahr\RFS\Projekt\rubiks-cube-rfs\backend\target\rfsprojekt-dev.jar
Launcher Type: SUN_STANDARD

[Global flags]
     intx CICompilerCount                          = 3                                         {product} {ergonomic}
     uint ConcGCThreads                            = 1                                         {product} {ergonomic}
     uint G1ConcRefinementThreads                  = 4                                         {product} {ergonomic}
   size_t G1HeapRegionSize                         = 1048576                                   {product} {ergonomic}
    uintx GCDrainStackTargetSize                   = 64                                        {product} {ergonomic}
   size_t InitialHeapSize                          = 134217728                                 {product} {ergonomic}
   size_t MarkStackSize                            = 4194304                                   {product} {ergonomic}
   size_t MaxHeapSize                              = 2126512128                                {product} {ergonomic}
   size_t MaxNewSize                               = 1275068416                                {product} {ergonomic}
   size_t MinHeapDeltaBytes                        = 1048576                                   {product} {ergonomic}
   size_t MinHeapSize                              = 8388608                                   {product} {ergonomic}
    uintx NonProfiledCodeHeapSize                  = 0                                      {pd product} {ergonomic}
     bool ProfileInterpreter                       = false                                  {pd product} {command line}
    uintx ProfiledCodeHeapSize                     = 0                                      {pd product} {ergonomic}
   size_t SoftMaxHeapSize                          = 2126512128                             {manageable} {ergonomic}
     intx TieredStopAtLevel                        = 1                                         {product} {command line}
     bool UseCompressedClassPointers               = true                           {product lp64_product} {ergonomic}
     bool UseCompressedOops                        = true                           {product lp64_product} {ergonomic}
     bool UseG1GC                                  = true                                      {product} {ergonomic}
     bool UseLargePagesIndividualAllocation        = false                                  {pd product} {ergonomic}

Logging:
Log output configuration:
 #0: stdout all=warning uptime,level,tags
 #1: stderr all=off uptime,level,tags

Environment Variables:
JAVA_HOME=C:\Users\Martin\.jdks\temurin-17.0.3
PATH=C:\Python310\Scripts\;C:\Python310\;C:\Windows\system32;C:\Windows;C:\Windows\System32\Wbem;C:\Windows\System32\WindowsPowerShell\v1.0\;C:\Program Files (x86)\Windows Live\Shared;C:\Program Files (x86)\NVIDIA Corporation\PhysX\Common;C:\Program Files\Geth;C:\WINDOWS\system32;C:\WINDOWS;C:\WINDOWS\System32\Wbem;C:\WINDOWS\System32\WindowsPowerShell\v1.0\;C:\WINDOWS\System32\OpenSSH\;K:\Git\cmd;C:\ProgramData\chocolatey\bin;C:\Program Files\Docker\Docker\resources\bin;C:\ProgramData\DockerDesktop\version-bin;K:\Programmieren\DevTools\nodejs\;C:\Program Files\NVIDIA Corporation\NVIDIA NvDLISR;C:\Users\Martin\AppData\Local\Microsoft\WindowsApps;K:\Microsoft VS Code\bin;C:\Users\Martin\AppData\Local\atom\bin;K:\InteliJ\IntelliJ IDEA Community Edition 2021.2.1\bin;;K:\ffmpeg-4.4.1-essentials_build\ffmpeg-4.4.1-essentials_build\bin;K:\Programmieren\DevTools\mongoosh\;K:\Programmieren\DevTools\PyCharm 2021.3.1\bin;;C:\Users\Martin\AppData\Roaming\npm;K:\Programmieren\DevTools\apache-maven-3.8.6\bin;C:\Users\Martin\.jdks\temurin-17.0.3\bin;C:\Program Files\CMake\bin;
USERNAME=Martin
OS=Windows_NT
PROCESSOR_IDENTIFIER=Intel64 Family 6 Model 60 Stepping 3, GenuineIntel



---------------  S Y S T E M  ---------------

OS:
 Windows 10 , 64 bit Build 19041 (10.0.19041.292)
OS uptime: 7 days 22:29 hours
Hyper-V role detected

CPU: total 4 (initial active 4) (4 cores per cpu, 1 threads per core) family 6 model 60 stepping 3 microcode 0x27, cx8, cmov, fxsr, mmx, sse, sse2, sse3, ssse3, sse4.1, sse4.2, popcnt, lzcnt, tsc, tscinvbit, avx, avx2, aes, erms, clmul, bmi1, bmi2, fma, vzeroupper, clflush, hv

Memory: 4k page, system-wide physical 8110M (292M free)
TotalPageFile size 14990M (AvailPageFile size 5M)
current process WorkingSet (physical memory assigned to process): 125M, peak: 125M
current process commit charge ("private bytes"): 239M, peak: 239M

vm_info: OpenJDK 64-Bit Server VM (17.0.3+7) for windows-amd64 JRE (17.0.3+7), built on Apr 19 2022 16:55:35 by "" with MS VC++ 16.7 (VS2019)

END.
